{"/home/travis/build/npmtest/node-npmtest-cordova-custom-config/test.js":{"path":"/home/travis/build/npmtest/node-npmtest-cordova-custom-config/test.js","s":{"1":2,"2":2,"3":2,"4":2,"5":2,"6":2,"7":2,"8":1,"9":2,"10":2,"11":1,"12":1,"13":1,"14":1,"15":2,"16":2,"17":2,"18":2,"19":1,"20":1,"21":2,"22":2,"23":2,"24":1,"25":1,"26":1,"27":1,"28":1,"29":1,"30":1,"31":1,"32":1,"33":1,"34":1,"35":1,"36":1,"37":1,"38":1,"39":2,"40":2,"41":1,"42":2,"43":2,"44":1,"45":2,"46":2,"47":1,"48":2,"49":2,"50":1,"51":1,"52":1,"53":1,"54":1},"b":{"1":[2,1,1,1],"2":[1,1,1,1],"3":[1,1],"4":[1,1],"5":[1,1],"6":[1,1],"7":[1,1],"8":[1,1],"9":[1,1],"10":[1,1,1],"11":[1,1],"12":[1,1],"13":[1,1],"14":[1,1],"15":[1,1],"16":[1,1],"17":[1,1]},"f":{"1":2,"2":2,"3":2,"4":2,"5":2,"6":1,"7":1,"8":1,"9":2,"10":2,"11":2,"12":2,"13":1},"fnMap":{"1":{"name":"(anonymous_1)","line":12,"loc":{"start":{"line":12,"column":1},"end":{"line":12,"column":13}}},"2":{"name":"(anonymous_2)","line":19,"loc":{"start":{"line":19,"column":5},"end":{"line":19,"column":17}}},"3":{"name":"(anonymous_3)","line":23,"loc":{"start":{"line":23,"column":24},"end":{"line":23,"column":36}}},"4":{"name":"(anonymous_4)","line":61,"loc":{"start":{"line":61,"column":5},"end":{"line":61,"column":17}}},"5":{"name":"(anonymous_5)","line":82,"loc":{"start":{"line":82,"column":5},"end":{"line":82,"column":17}}},"6":{"name":"(anonymous_6)","line":91,"loc":{"start":{"line":91,"column":77},"end":{"line":94,"column":10}}},"7":{"name":"(anonymous_7)","line":112,"loc":{"start":{"line":112,"column":83},"end":{"line":115,"column":10}},"skip":true},"8":{"name":"(anonymous_8)","line":123,"loc":{"start":{"line":123,"column":77},"end":{"line":126,"column":10}},"skip":true},"9":{"name":"(anonymous_9)","line":139,"loc":{"start":{"line":139,"column":12},"end":{"line":139,"column":40}},"skip":true},"10":{"name":"(anonymous_10)","line":147,"loc":{"start":{"line":147,"column":77},"end":{"line":150,"column":10}},"skip":true},"11":{"name":"(anonymous_11)","line":158,"loc":{"start":{"line":158,"column":83},"end":{"line":161,"column":10}},"skip":true},"12":{"name":"(anonymous_12)","line":169,"loc":{"start":{"line":169,"column":79},"end":{"line":172,"column":10}},"skip":true},"13":{"name":"(anonymous_13)","line":180,"loc":{"start":{"line":180,"column":75},"end":{"line":183,"column":10}},"skip":true}},"statementMap":{"1":{"start":{"line":12,"column":0},"end":{"line":195,"column":5}},"2":{"start":{"line":14,"column":4},"end":{"line":14,"column":14}},"3":{"start":{"line":19,"column":4},"end":{"line":56,"column":9}},"4":{"start":{"line":21,"column":8},"end":{"line":21,"column":19}},"5":{"start":{"line":23,"column":8},"end":{"line":35,"column":13}},"6":{"start":{"line":24,"column":12},"end":{"line":34,"column":13}},"7":{"start":{"line":25,"column":16},"end":{"line":28,"column":30}},"8":{"start":{"line":30,"column":16},"end":{"line":33,"column":27}},"9":{"start":{"line":37,"column":8},"end":{"line":39,"column":21}},"10":{"start":{"line":40,"column":8},"end":{"line":53,"column":9}},"11":{"start":{"line":43,"column":12},"end":{"line":46,"column":14}},"12":{"start":{"line":47,"column":12},"end":{"line":47,"column":18}},"13":{"start":{"line":50,"column":12},"end":{"line":51,"column":46}},"14":{"start":{"line":52,"column":12},"end":{"line":52,"column":18}},"15":{"start":{"line":55,"column":8},"end":{"line":55,"column":35}},"16":{"start":{"line":61,"column":4},"end":{"line":63,"column":9}},"17":{"start":{"line":62,"column":8},"end":{"line":62,"column":15}},"18":{"start":{"line":64,"column":4},"end":{"line":77,"column":5}},"19":{"start":{"line":70,"column":8},"end":{"line":70,"column":14}},"20":{"start":{"line":76,"column":8},"end":{"line":76,"column":14}},"21":{"start":{"line":82,"column":4},"end":{"line":84,"column":9}},"22":{"start":{"line":83,"column":8},"end":{"line":83,"column":15}},"23":{"start":{"line":85,"column":4},"end":{"line":194,"column":5}},"24":{"start":{"line":91,"column":8},"end":{"line":99,"column":10}},"25":{"start":{"line":98,"column":12},"end":{"line":98,"column":35}},"26":{"start":{"line":102,"column":8},"end":{"line":104,"column":63}},"27":{"start":{"line":105,"column":8},"end":{"line":105,"column":14}},"28":{"start":{"line":112,"column":8},"end":{"line":121,"column":10},"skip":true},"29":{"start":{"line":119,"column":12},"end":{"line":119,"column":55},"skip":true},"30":{"start":{"line":120,"column":12},"end":{"line":120,"column":48},"skip":true},"31":{"start":{"line":123,"column":8},"end":{"line":136,"column":10},"skip":true},"32":{"start":{"line":130,"column":12},"end":{"line":130,"column":76},"skip":true},"33":{"start":{"line":131,"column":12},"end":{"line":131,"column":73},"skip":true},"34":{"start":{"line":132,"column":12},"end":{"line":132,"column":74},"skip":true},"35":{"start":{"line":133,"column":12},"end":{"line":133,"column":79},"skip":true},"36":{"start":{"line":134,"column":12},"end":{"line":134,"column":25},"skip":true},"37":{"start":{"line":135,"column":12},"end":{"line":135,"column":45},"skip":true},"38":{"start":{"line":138,"column":8},"end":{"line":145,"column":14},"skip":true},"39":{"start":{"line":143,"column":16},"end":{"line":143,"column":29},"skip":true},"40":{"start":{"line":144,"column":16},"end":{"line":144,"column":55},"skip":true},"41":{"start":{"line":147,"column":8},"end":{"line":156,"column":10},"skip":true},"42":{"start":{"line":154,"column":12},"end":{"line":154,"column":25},"skip":true},"43":{"start":{"line":155,"column":12},"end":{"line":155,"column":45},"skip":true},"44":{"start":{"line":158,"column":8},"end":{"line":167,"column":10},"skip":true},"45":{"start":{"line":165,"column":12},"end":{"line":165,"column":25},"skip":true},"46":{"start":{"line":166,"column":12},"end":{"line":166,"column":48},"skip":true},"47":{"start":{"line":169,"column":8},"end":{"line":178,"column":10},"skip":true},"48":{"start":{"line":176,"column":12},"end":{"line":176,"column":25},"skip":true},"49":{"start":{"line":177,"column":12},"end":{"line":177,"column":46},"skip":true},"50":{"start":{"line":180,"column":8},"end":{"line":189,"column":10},"skip":true},"51":{"start":{"line":187,"column":12},"end":{"line":187,"column":94},"skip":true},"52":{"start":{"line":188,"column":12},"end":{"line":188,"column":48},"skip":true},"53":{"start":{"line":192,"column":8},"end":{"line":192,"column":35},"skip":true},"54":{"start":{"line":193,"column":8},"end":{"line":193,"column":14},"skip":true}},"branchMap":{"1":{"line":25,"type":"binary-expr","locations":[{"start":{"line":25,"column":23},"end":{"line":25,"column":62}},{"start":{"line":26,"column":20},"end":{"line":26,"column":70}},{"start":{"line":27,"column":20},"end":{"line":27,"column":71}},{"start":{"line":28,"column":20},"end":{"line":28,"column":29}}]},"2":{"line":30,"type":"binary-expr","locations":[{"start":{"line":30,"column":23},"end":{"line":30,"column":37}},{"start":{"line":31,"column":20},"end":{"line":31,"column":61}},{"start":{"line":32,"column":20},"end":{"line":32,"column":70}},{"start":{"line":33,"column":20},"end":{"line":33,"column":26}}]},"3":{"line":37,"type":"cond-expr","locations":[{"start":{"line":38,"column":14},"end":{"line":38,"column":20}},{"start":{"line":39,"column":14},"end":{"line":39,"column":20}}]},"4":{"line":40,"type":"switch","locations":[{"start":{"line":42,"column":8},"end":{"line":47,"column":18}},{"start":{"line":49,"column":8},"end":{"line":52,"column":18}}]},"5":{"line":44,"type":"binary-expr","locations":[{"start":{"line":44,"column":16},"end":{"line":44,"column":44}},{"start":{"line":44,"column":48},"end":{"line":44,"column":66}}]},"6":{"line":50,"type":"binary-expr","locations":[{"start":{"line":50,"column":21},"end":{"line":50,"column":49}},{"start":{"line":50,"column":53},"end":{"line":50,"column":72}}]},"7":{"line":64,"type":"switch","locations":[{"start":{"line":69,"column":4},"end":{"line":70,"column":14}},{"start":{"line":75,"column":4},"end":{"line":76,"column":14}}]},"8":{"line":85,"type":"switch","locations":[{"start":{"line":90,"column":4},"end":{"line":105,"column":14}},{"start":{"line":111,"column":4},"end":{"line":193,"column":14},"skip":true}]},"9":{"line":91,"type":"binary-expr","locations":[{"start":{"line":91,"column":42},"end":{"line":91,"column":73}},{"start":{"line":91,"column":77},"end":{"line":99,"column":9}}]},"10":{"line":102,"type":"binary-expr","locations":[{"start":{"line":102,"column":18},"end":{"line":102,"column":32}},{"start":{"line":103,"column":12},"end":{"line":103,"column":53}},{"start":{"line":104,"column":12},"end":{"line":104,"column":61}}]},"11":{"line":112,"type":"binary-expr","locations":[{"start":{"line":112,"column":45},"end":{"line":112,"column":79},"skip":true},{"start":{"line":112,"column":83},"end":{"line":121,"column":9},"skip":true}]},"12":{"line":123,"type":"binary-expr","locations":[{"start":{"line":123,"column":42},"end":{"line":123,"column":73},"skip":true},{"start":{"line":123,"column":77},"end":{"line":136,"column":9},"skip":true}]},"13":{"line":138,"type":"binary-expr","locations":[{"start":{"line":138,"column":48},"end":{"line":138,"column":85},"skip":true},{"start":{"line":139,"column":12},"end":{"line":145,"column":13},"skip":true}]},"14":{"line":147,"type":"binary-expr","locations":[{"start":{"line":147,"column":42},"end":{"line":147,"column":73},"skip":true},{"start":{"line":147,"column":77},"end":{"line":156,"column":9},"skip":true}]},"15":{"line":158,"type":"binary-expr","locations":[{"start":{"line":158,"column":45},"end":{"line":158,"column":79},"skip":true},{"start":{"line":158,"column":83},"end":{"line":167,"column":9},"skip":true}]},"16":{"line":169,"type":"binary-expr","locations":[{"start":{"line":169,"column":43},"end":{"line":169,"column":75},"skip":true},{"start":{"line":169,"column":79},"end":{"line":178,"column":9},"skip":true}]},"17":{"line":180,"type":"binary-expr","locations":[{"start":{"line":180,"column":41},"end":{"line":180,"column":71},"skip":true},{"start":{"line":180,"column":75},"end":{"line":189,"column":9},"skip":true}]}},"code":["/* istanbul instrument in package npmtest_cordova_custom_config */","/*jslint","    bitwise: true,","    browser: true,","    maxerr: 8,","    maxlen: 96,","    node: true,","    nomen: true,","    regexp: true,","    stupid: true","*/","(function () {","    'use strict';","    var local;","","","","    // run shared js-env code - pre-init","    (function () {","        // init local","        local = {};","        // init modeJs","        local.modeJs = (function () {","            try {","                return typeof navigator.userAgent === 'string' &&","                    typeof document.querySelector('body') === 'object' &&","                    typeof XMLHttpRequest.prototype.open === 'function' &&","                    'browser';","            } catch (errorCaughtBrowser) {","                return module.exports &&","                    typeof process.versions.node === 'string' &&","                    typeof require('http').createServer === 'function' &&","                    'node';","            }","        }());","        // init global","        local.global = local.modeJs === 'browser'","            ? window","            : global;","        switch (local.modeJs) {","        // re-init local from window.local","        case 'browser':","            local = local.global.utility2.objectSetDefault(","                local.global.utility2_rollup || local.global.local,","                local.global.utility2","            );","            break;","        // re-init local from example.js","        case 'node':","            local = (local.global.utility2_rollup || require('utility2'))","                .requireExampleJsFromReadme();","            break;","        }","        // export local","        local.global.local = local;","    }());","","","","    // run shared js-env code - function","    (function () {","        return;","    }());","    switch (local.modeJs) {","","","","    // run browser js-env code - function","    case 'browser':","        break;","","","","    // run node js-env code - function","    case 'node':","        break;","    }","","","","    // run shared js-env code - post-init","    (function () {","        return;","    }());","    switch (local.modeJs) {","","","","    // run browser js-env code - post-init","    case 'browser':","        local.testCase_browser_nullCase = local.testCase_browser_nullCase || function (","            options,","            onError","        ) {","        /*","         * this function will test browsers's null-case handling-behavior-behavior","         */","            onError(null, options);","        };","","        // run tests","        local.nop(local.modeTest &&","            document.querySelector('#testRunButton1') &&","            document.querySelector('#testRunButton1').click());","        break;","","","","    // run node js-env code - post-init","    /* istanbul ignore next */","    case 'node':","        local.testCase_buildApidoc_default = local.testCase_buildApidoc_default || function (","            options,","            onError","        ) {","        /*","         * this function will test buildApidoc's default handling-behavior-behavior","         */","            options = { modulePathList: module.paths };","            local.buildApidoc(options, onError);","        };","","        local.testCase_buildApp_default = local.testCase_buildApp_default || function (","            options,","            onError","        ) {","        /*","         * this function will test buildApp's default handling-behavior-behavior","         */","            local.testCase_buildReadme_default(options, local.onErrorThrow);","            local.testCase_buildLib_default(options, local.onErrorThrow);","            local.testCase_buildTest_default(options, local.onErrorThrow);","            local.testCase_buildCustomOrg_default(options, local.onErrorThrow);","            options = [];","            local.buildApp(options, onError);","        };","","        local.testCase_buildCustomOrg_default = local.testCase_buildCustomOrg_default ||","            function (options, onError) {","            /*","             * this function will test buildCustomOrg's default handling-behavior","             */","                options = {};","                local.buildCustomOrg(options, onError);","            };","","        local.testCase_buildLib_default = local.testCase_buildLib_default || function (","            options,","            onError","        ) {","        /*","         * this function will test buildLib's default handling-behavior","         */","            options = {};","            local.buildLib(options, onError);","        };","","        local.testCase_buildReadme_default = local.testCase_buildReadme_default || function (","            options,","            onError","        ) {","        /*","         * this function will test buildReadme's default handling-behavior-behavior","         */","            options = {};","            local.buildReadme(options, onError);","        };","","        local.testCase_buildTest_default = local.testCase_buildTest_default || function (","            options,","            onError","        ) {","        /*","         * this function will test buildTest's default handling-behavior","         */","            options = {};","            local.buildTest(options, onError);","        };","","        local.testCase_webpage_default = local.testCase_webpage_default || function (","            options,","            onError","        ) {","        /*","         * this function will test webpage's default handling-behavior","         */","            options = { modeCoverageMerge: true, url: local.serverLocalHost + '?modeTest=1' };","            local.browserTest(options, onError);","        };","","        // run test-server","        local.testRunServer(local);","        break;","    }","}());",""],"l":{"12":2,"14":2,"19":2,"21":2,"23":2,"24":2,"25":2,"30":1,"37":2,"40":2,"43":1,"47":1,"50":1,"52":1,"55":2,"61":2,"62":2,"64":2,"70":1,"76":1,"82":2,"83":2,"85":2,"91":1,"98":1,"102":1,"105":1,"112":1,"119":1,"120":1,"123":1,"130":1,"131":1,"132":1,"133":1,"134":1,"135":1,"138":1,"143":2,"144":2,"147":1,"154":2,"155":2,"158":1,"165":2,"166":2,"169":1,"176":2,"177":2,"180":1,"187":1,"188":1,"192":1,"193":1}},"/home/travis/build/npmtest/node-npmtest-cordova-custom-config/lib.npmtest_cordova_custom_config.js":{"path":"/home/travis/build/npmtest/node-npmtest-cordova-custom-config/lib.npmtest_cordova_custom_config.js","s":{"1":2,"2":2,"3":2,"4":2,"5":2,"6":2,"7":2,"8":1,"9":2,"10":2,"11":2,"12":2,"13":1,"14":1,"15":1,"16":1},"b":{"1":[2,1,1,1],"2":[1,1,1,1],"3":[1,1],"4":[2,2],"5":[1,1]},"f":{"1":2,"2":2,"3":2},"fnMap":{"1":{"name":"(anonymous_1)","line":12,"loc":{"start":{"line":12,"column":1},"end":{"line":12,"column":13}}},"2":{"name":"(anonymous_2)","line":19,"loc":{"start":{"line":19,"column":5},"end":{"line":19,"column":17}}},"3":{"name":"(anonymous_3)","line":23,"loc":{"start":{"line":23,"column":24},"end":{"line":23,"column":36}}}},"statementMap":{"1":{"start":{"line":12,"column":0},"end":{"line":53,"column":5}},"2":{"start":{"line":14,"column":4},"end":{"line":14,"column":14}},"3":{"start":{"line":19,"column":4},"end":{"line":52,"column":9}},"4":{"start":{"line":21,"column":8},"end":{"line":21,"column":19}},"5":{"start":{"line":23,"column":8},"end":{"line":35,"column":13}},"6":{"start":{"line":24,"column":12},"end":{"line":34,"column":13}},"7":{"start":{"line":25,"column":16},"end":{"line":28,"column":30}},"8":{"start":{"line":30,"column":16},"end":{"line":33,"column":27}},"9":{"start":{"line":37,"column":8},"end":{"line":39,"column":21}},"10":{"start":{"line":41,"column":8},"end":{"line":41,"column":54}},"11":{"start":{"line":43,"column":8},"end":{"line":43,"column":66}},"12":{"start":{"line":45,"column":8},"end":{"line":51,"column":9}},"13":{"start":{"line":46,"column":12},"end":{"line":46,"column":72}},"14":{"start":{"line":48,"column":12},"end":{"line":48,"column":35}},"15":{"start":{"line":49,"column":12},"end":{"line":49,"column":49}},"16":{"start":{"line":50,"column":12},"end":{"line":50,"column":43}}},"branchMap":{"1":{"line":25,"type":"binary-expr","locations":[{"start":{"line":25,"column":23},"end":{"line":25,"column":62}},{"start":{"line":26,"column":20},"end":{"line":26,"column":70}},{"start":{"line":27,"column":20},"end":{"line":27,"column":71}},{"start":{"line":28,"column":20},"end":{"line":28,"column":29}}]},"2":{"line":30,"type":"binary-expr","locations":[{"start":{"line":30,"column":23},"end":{"line":30,"column":37}},{"start":{"line":31,"column":20},"end":{"line":31,"column":61}},{"start":{"line":32,"column":20},"end":{"line":32,"column":70}},{"start":{"line":33,"column":20},"end":{"line":33,"column":26}}]},"3":{"line":37,"type":"cond-expr","locations":[{"start":{"line":38,"column":14},"end":{"line":38,"column":20}},{"start":{"line":39,"column":14},"end":{"line":39,"column":20}}]},"4":{"line":41,"type":"binary-expr","locations":[{"start":{"line":41,"column":16},"end":{"line":41,"column":44}},{"start":{"line":41,"column":48},"end":{"line":41,"column":53}}]},"5":{"line":45,"type":"if","locations":[{"start":{"line":45,"column":8},"end":{"line":45,"column":8}},{"start":{"line":45,"column":8},"end":{"line":45,"column":8}}]}},"code":["/* istanbul instrument in package npmtest_cordova_custom_config */","/*jslint","    bitwise: true,","    browser: true,","    maxerr: 8,","    maxlen: 96,","    node: true,","    nomen: true,","    regexp: true,","    stupid: true","*/","(function () {","    'use strict';","    var local;","","","","    // run shared js-env code - pre-init","    (function () {","        // init local","        local = {};","        // init modeJs","        local.modeJs = (function () {","            try {","                return typeof navigator.userAgent === 'string' &&","                    typeof document.querySelector('body') === 'object' &&","                    typeof XMLHttpRequest.prototype.open === 'function' &&","                    'browser';","            } catch (errorCaughtBrowser) {","                return module.exports &&","                    typeof process.versions.node === 'string' &&","                    typeof require('http').createServer === 'function' &&","                    'node';","            }","        }());","        // init global","        local.global = local.modeJs === 'browser'","            ? window","            : global;","        // init utility2_rollup","        local = local.global.utility2_rollup || local;","        // init lib","        local.local = local.npmtest_cordova_custom_config = local;","        // init exports","        if (local.modeJs === 'browser') {","            local.global.utility2_npmtest_cordova_custom_config = local;","        } else {","            module.exports = local;","            module.exports.__dirname = __dirname;","            module.exports.module = module;","        }","    }());","}());",""],"l":{"12":2,"14":2,"19":2,"21":2,"23":2,"24":2,"25":2,"30":1,"37":2,"41":2,"43":2,"45":2,"46":1,"48":1,"49":1,"50":1}},"/home/travis/build/npmtest/node-npmtest-cordova-custom-config/example.js":{"path":"/home/travis/build/npmtest/node-npmtest-cordova-custom-config/example.js","s":{"1":2,"2":2,"3":2,"4":2,"5":2,"6":2,"7":2,"8":1,"9":2,"10":2,"11":2,"12":2,"13":1,"14":2,"15":2,"16":2,"17":2,"18":2,"19":0,"20":2,"21":1,"22":1,"23":1,"24":1,"25":1,"26":0,"27":0,"28":1,"29":1,"30":2,"31":0,"32":0,"33":0,"34":1,"35":2,"36":2,"37":3,"38":3,"39":3,"40":3,"41":0,"42":3,"43":3,"44":3,"45":1,"46":3,"47":1,"48":1,"49":1,"50":1,"51":1,"52":1,"53":1,"54":1,"55":1,"56":1,"57":0,"58":1,"59":6,"60":6,"61":1,"62":2,"63":0,"64":2,"65":1,"66":1,"67":0,"68":0,"69":0,"70":0,"71":0,"72":0,"73":0,"74":0,"75":0,"76":0,"77":0,"78":0,"79":0,"80":0,"81":0,"82":0,"83":0},"b":{"1":[2,1,1,1],"2":[1,1,1,1],"3":[1,1],"4":[2,2],"5":[1,1],"6":[1,1],"7":[2,0],"8":[2,1,1,1,1,1],"9":[0,2,0],"10":[1,1],"11":[2,1,1],"12":[1,0],"13":[0,2],"14":[2,0,0,0,0,0,0],"15":[0,3],"16":[3,0],"17":[1,1],"18":[0,1],"19":[1,2,0,2],"20":[1,0],"21":[1,1],"22":[0,0],"23":[0,0],"24":[0,0],"25":[0,0],"26":[0,0],"27":[0,0],"28":[0,0]},"f":{"1":2,"2":2,"3":2,"4":2,"5":2,"6":2,"7":3,"8":3,"9":3,"10":1,"11":6,"12":0},"fnMap":{"1":{"name":"(anonymous_1)","line":26,"loc":{"start":{"line":26,"column":1},"end":{"line":26,"column":13}}},"2":{"name":"(anonymous_2)","line":33,"loc":{"start":{"line":33,"column":5},"end":{"line":33,"column":17}}},"3":{"name":"(anonymous_3)","line":37,"loc":{"start":{"line":37,"column":24},"end":{"line":37,"column":36}}},"4":{"name":"(anonymous_4)","line":69,"loc":{"start":{"line":69,"column":31},"end":{"line":69,"column":48}},"skip":true},"5":{"name":"(anonymous_5)","line":78,"loc":{"start":{"line":78,"column":26},"end":{"line":78,"column":45}},"skip":true},"6":{"name":"(anonymous_6)","line":123,"loc":{"start":{"line":123,"column":33},"end":{"line":123,"column":48}},"skip":true},"7":{"name":"(anonymous_7)","line":125,"loc":{"start":{"line":125,"column":27},"end":{"line":125,"column":39}},"skip":true},"8":{"name":"(anonymous_8)","line":133,"loc":{"start":{"line":133,"column":59},"end":{"line":133,"column":74}},"skip":true},"9":{"name":"(anonymous_9)","line":143,"loc":{"start":{"line":143,"column":45},"end":{"line":143,"column":62}},"skip":true},"10":{"name":"(anonymous_10)","line":144,"loc":{"start":{"line":144,"column":73},"end":{"line":144,"column":92}},"skip":true},"11":{"name":"(anonymous_11)","line":272,"loc":{"start":{"line":272,"column":51},"end":{"line":272,"column":77}},"skip":true},"12":{"name":"(anonymous_12)","line":315,"loc":{"start":{"line":315,"column":32},"end":{"line":315,"column":61}},"skip":true}},"statementMap":{"1":{"start":{"line":26,"column":0},"end":{"line":326,"column":5}},"2":{"start":{"line":28,"column":4},"end":{"line":28,"column":14}},"3":{"start":{"line":33,"column":4},"end":{"line":60,"column":9}},"4":{"start":{"line":35,"column":8},"end":{"line":35,"column":19}},"5":{"start":{"line":37,"column":8},"end":{"line":49,"column":13}},"6":{"start":{"line":38,"column":12},"end":{"line":48,"column":13}},"7":{"start":{"line":39,"column":16},"end":{"line":42,"column":30}},"8":{"start":{"line":44,"column":16},"end":{"line":47,"column":27}},"9":{"start":{"line":51,"column":8},"end":{"line":53,"column":21}},"10":{"start":{"line":55,"column":8},"end":{"line":57,"column":45}},"11":{"start":{"line":59,"column":8},"end":{"line":59,"column":35}},"12":{"start":{"line":61,"column":4},"end":{"line":325,"column":5}},"13":{"start":{"line":69,"column":8},"end":{"line":121,"column":10},"skip":true},"14":{"start":{"line":70,"column":12},"end":{"line":88,"column":13},"skip":true},"15":{"start":{"line":76,"column":16},"end":{"line":87,"column":19},"skip":true},"16":{"start":{"line":79,"column":20},"end":{"line":86,"column":21},"skip":true},"17":{"start":{"line":82,"column":24},"end":{"line":82,"column":43},"skip":true},"18":{"start":{"line":83,"column":24},"end":{"line":83,"column":30},"skip":true},"19":{"start":{"line":85,"column":24},"end":{"line":85,"column":49},"skip":true},"20":{"start":{"line":89,"column":12},"end":{"line":107,"column":13},"skip":true},"21":{"start":{"line":92,"column":16},"end":{"line":102,"column":17},"skip":true},"22":{"start":{"line":93,"column":20},"end":{"line":93,"column":86},"skip":true},"23":{"start":{"line":94,"column":20},"end":{"line":95,"column":45},"skip":true},"24":{"start":{"line":96,"column":20},"end":{"line":96,"column":42},"skip":true},"25":{"start":{"line":97,"column":20},"end":{"line":97,"column":48},"skip":true},"26":{"start":{"line":100,"column":20},"end":{"line":100,"column":85},"skip":true},"27":{"start":{"line":101,"column":20},"end":{"line":101,"column":96},"skip":true},"28":{"start":{"line":103,"column":16},"end":{"line":103,"column":22},"skip":true},"29":{"start":{"line":106,"column":16},"end":{"line":106,"column":22},"skip":true},"30":{"start":{"line":108,"column":12},"end":{"line":120,"column":13},"skip":true},"31":{"start":{"line":114,"column":16},"end":{"line":119,"column":17},"skip":true},"32":{"start":{"line":116,"column":20},"end":{"line":116,"column":78},"skip":true},"33":{"start":{"line":118,"column":20},"end":{"line":118,"column":47},"skip":true},"34":{"start":{"line":123,"column":8},"end":{"line":141,"column":11},"skip":true},"35":{"start":{"line":124,"column":12},"end":{"line":124,"column":54},"skip":true},"36":{"start":{"line":125,"column":12},"end":{"line":140,"column":14},"skip":true},"37":{"start":{"line":126,"column":16},"end":{"line":126,"column":28},"skip":true},"38":{"start":{"line":127,"column":16},"end":{"line":127,"column":69},"skip":true},"39":{"start":{"line":128,"column":16},"end":{"line":128,"column":75},"skip":true},"40":{"start":{"line":129,"column":16},"end":{"line":131,"column":17},"skip":true},"41":{"start":{"line":130,"column":20},"end":{"line":130,"column":27},"skip":true},"42":{"start":{"line":133,"column":16},"end":{"line":137,"column":36},"skip":true},"43":{"start":{"line":134,"column":20},"end":{"line":136,"column":55},"skip":true},"44":{"start":{"line":139,"column":16},"end":{"line":139,"column":57},"skip":true},"45":{"start":{"line":143,"column":8},"end":{"line":147,"column":11},"skip":true},"46":{"start":{"line":144,"column":12},"end":{"line":146,"column":15},"skip":true},"47":{"start":{"line":145,"column":16},"end":{"line":145,"column":70},"skip":true},"48":{"start":{"line":149,"column":8},"end":{"line":149,"column":31},"skip":true},"49":{"start":{"line":150,"column":8},"end":{"line":150,"column":14},"skip":true},"50":{"start":{"line":158,"column":8},"end":{"line":158,"column":31},"skip":true},"51":{"start":{"line":160,"column":8},"end":{"line":160,"column":33},"skip":true},"52":{"start":{"line":161,"column":8},"end":{"line":161,"column":37},"skip":true},"53":{"start":{"line":162,"column":8},"end":{"line":162,"column":35},"skip":true},"54":{"start":{"line":164,"column":8},"end":{"line":164,"column":50},"skip":true},"55":{"start":{"line":166,"column":8},"end":{"line":256,"column":2},"skip":true},"56":{"start":{"line":258,"column":8},"end":{"line":286,"column":9},"skip":true},"57":{"start":{"line":259,"column":12},"end":{"line":269,"column":14},"skip":true},"58":{"start":{"line":271,"column":12},"end":{"line":285,"column":19},"skip":true},"59":{"start":{"line":274,"column":20},"end":{"line":274,"column":35},"skip":true},"60":{"start":{"line":275,"column":20},"end":{"line":284,"column":21},"skip":true},"61":{"start":{"line":277,"column":24},"end":{"line":277,"column":64},"skip":true},"62":{"start":{"line":279,"column":24},"end":{"line":279,"column":40},"skip":true},"63":{"start":{"line":281,"column":24},"end":{"line":281,"column":40},"skip":true},"64":{"start":{"line":283,"column":24},"end":{"line":283,"column":39},"skip":true},"65":{"start":{"line":288,"column":8},"end":{"line":290,"column":9},"skip":true},"66":{"start":{"line":289,"column":12},"end":{"line":289,"column":18},"skip":true},"67":{"start":{"line":291,"column":8},"end":{"line":293,"column":54},"skip":true},"68":{"start":{"line":296,"column":8},"end":{"line":301,"column":37},"skip":true},"69":{"start":{"line":303,"column":8},"end":{"line":303,"column":82},"skip":true},"70":{"start":{"line":306,"column":8},"end":{"line":308,"column":9},"skip":true},"71":{"start":{"line":307,"column":12},"end":{"line":307,"column":82},"skip":true},"72":{"start":{"line":310,"column":8},"end":{"line":312,"column":9},"skip":true},"73":{"start":{"line":311,"column":12},"end":{"line":311,"column":18},"skip":true},"74":{"start":{"line":313,"column":8},"end":{"line":313,"column":54},"skip":true},"75":{"start":{"line":314,"column":8},"end":{"line":314,"column":69},"skip":true},"76":{"start":{"line":315,"column":8},"end":{"line":323,"column":36},"skip":true},"77":{"start":{"line":316,"column":12},"end":{"line":316,"column":61},"skip":true},"78":{"start":{"line":317,"column":12},"end":{"line":320,"column":13},"skip":true},"79":{"start":{"line":318,"column":16},"end":{"line":318,"column":75},"skip":true},"80":{"start":{"line":319,"column":16},"end":{"line":319,"column":23},"skip":true},"81":{"start":{"line":321,"column":12},"end":{"line":321,"column":38},"skip":true},"82":{"start":{"line":322,"column":12},"end":{"line":322,"column":27},"skip":true},"83":{"start":{"line":324,"column":8},"end":{"line":324,"column":14},"skip":true}},"branchMap":{"1":{"line":39,"type":"binary-expr","locations":[{"start":{"line":39,"column":23},"end":{"line":39,"column":62}},{"start":{"line":40,"column":20},"end":{"line":40,"column":70}},{"start":{"line":41,"column":20},"end":{"line":41,"column":71}},{"start":{"line":42,"column":20},"end":{"line":42,"column":29}}]},"2":{"line":44,"type":"binary-expr","locations":[{"start":{"line":44,"column":23},"end":{"line":44,"column":37}},{"start":{"line":45,"column":20},"end":{"line":45,"column":61}},{"start":{"line":46,"column":20},"end":{"line":46,"column":70}},{"start":{"line":47,"column":20},"end":{"line":47,"column":26}}]},"3":{"line":51,"type":"cond-expr","locations":[{"start":{"line":52,"column":14},"end":{"line":52,"column":20}},{"start":{"line":53,"column":14},"end":{"line":53,"column":20}}]},"4":{"line":55,"type":"binary-expr","locations":[{"start":{"line":55,"column":16},"end":{"line":55,"column":44}},{"start":{"line":55,"column":49},"end":{"line":57,"column":43}}]},"5":{"line":55,"type":"cond-expr","locations":[{"start":{"line":56,"column":14},"end":{"line":56,"column":65}},{"start":{"line":57,"column":14},"end":{"line":57,"column":43}}]},"6":{"line":61,"type":"switch","locations":[{"start":{"line":68,"column":4},"end":{"line":150,"column":14},"skip":true},{"start":{"line":156,"column":4},"end":{"line":324,"column":14},"skip":true}]},"7":{"line":70,"type":"if","locations":[{"start":{"line":70,"column":12},"end":{"line":70,"column":12},"skip":true},{"start":{"line":70,"column":12},"end":{"line":70,"column":12},"skip":true}]},"8":{"line":70,"type":"binary-expr","locations":[{"start":{"line":70,"column":16},"end":{"line":70,"column":22},"skip":true},{"start":{"line":70,"column":27},"end":{"line":70,"column":32},"skip":true},{"start":{"line":71,"column":20},"end":{"line":71,"column":39},"skip":true},{"start":{"line":72,"column":20},"end":{"line":72,"column":49},"skip":true},{"start":{"line":73,"column":20},"end":{"line":73,"column":58},"skip":true},{"start":{"line":74,"column":20},"end":{"line":74,"column":69},"skip":true}]},"9":{"line":79,"type":"switch","locations":[{"start":{"line":80,"column":20},"end":{"line":80,"column":33},"skip":true},{"start":{"line":81,"column":20},"end":{"line":83,"column":30},"skip":true},{"start":{"line":84,"column":20},"end":{"line":85,"column":49},"skip":true}]},"10":{"line":89,"type":"switch","locations":[{"start":{"line":90,"column":12},"end":{"line":103,"column":22},"skip":true},{"start":{"line":105,"column":12},"end":{"line":106,"column":22},"skip":true}]},"11":{"line":89,"type":"binary-expr","locations":[{"start":{"line":89,"column":20},"end":{"line":89,"column":25},"skip":true},{"start":{"line":89,"column":29},"end":{"line":89,"column":48},"skip":true},{"start":{"line":89,"column":52},"end":{"line":89,"column":74},"skip":true}]},"12":{"line":92,"type":"if","locations":[{"start":{"line":92,"column":16},"end":{"line":92,"column":16},"skip":true},{"start":{"line":92,"column":16},"end":{"line":92,"column":16},"skip":true}]},"13":{"line":108,"type":"if","locations":[{"start":{"line":108,"column":12},"end":{"line":108,"column":12},"skip":true},{"start":{"line":108,"column":12},"end":{"line":108,"column":12},"skip":true}]},"14":{"line":108,"type":"binary-expr","locations":[{"start":{"line":108,"column":16},"end":{"line":108,"column":61},"skip":true},{"start":{"line":108,"column":66},"end":{"line":108,"column":72},"skip":true},{"start":{"line":108,"column":77},"end":{"line":108,"column":82},"skip":true},{"start":{"line":109,"column":20},"end":{"line":109,"column":39},"skip":true},{"start":{"line":110,"column":20},"end":{"line":110,"column":49},"skip":true},{"start":{"line":111,"column":20},"end":{"line":111,"column":58},"skip":true},{"start":{"line":112,"column":20},"end":{"line":112,"column":68},"skip":true}]},"15":{"line":129,"type":"if","locations":[{"start":{"line":129,"column":16},"end":{"line":129,"column":16},"skip":true},{"start":{"line":129,"column":16},"end":{"line":129,"column":16},"skip":true}]},"16":{"line":134,"type":"cond-expr","locations":[{"start":{"line":135,"column":26},"end":{"line":135,"column":29},"skip":true},{"start":{"line":136,"column":26},"end":{"line":136,"column":54},"skip":true}]},"17":{"line":164,"type":"binary-expr","locations":[{"start":{"line":164,"column":27},"end":{"line":164,"column":43},"skip":true},{"start":{"line":164,"column":47},"end":{"line":164,"column":49},"skip":true}]},"18":{"line":258,"type":"if","locations":[{"start":{"line":258,"column":8},"end":{"line":258,"column":8},"skip":true},{"start":{"line":258,"column":8},"end":{"line":258,"column":8},"skip":true}]},"19":{"line":275,"type":"switch","locations":[{"start":{"line":276,"column":20},"end":{"line":277,"column":64},"skip":true},{"start":{"line":278,"column":20},"end":{"line":279,"column":40},"skip":true},{"start":{"line":280,"column":20},"end":{"line":281,"column":40},"skip":true},{"start":{"line":282,"column":20},"end":{"line":283,"column":39},"skip":true}]},"20":{"line":288,"type":"if","locations":[{"start":{"line":288,"column":8},"end":{"line":288,"column":8},"skip":true},{"start":{"line":288,"column":8},"end":{"line":288,"column":8},"skip":true}]},"21":{"line":288,"type":"binary-expr","locations":[{"start":{"line":288,"column":12},"end":{"line":288,"column":40},"skip":true},{"start":{"line":288,"column":44},"end":{"line":288,"column":67},"skip":true}]},"22":{"line":292,"type":"binary-expr","locations":[{"start":{"line":292,"column":12},"end":{"line":292,"column":50},"skip":true},{"start":{"line":293,"column":12},"end":{"line":293,"column":53},"skip":true}]},"23":{"line":297,"type":"binary-expr","locations":[{"start":{"line":297,"column":12},"end":{"line":297,"column":79},"skip":true},{"start":{"line":298,"column":12},"end":{"line":301,"column":36},"skip":true}]},"24":{"line":303,"type":"binary-expr","locations":[{"start":{"line":303,"column":43},"end":{"line":303,"column":75},"skip":true},{"start":{"line":303,"column":79},"end":{"line":303,"column":81},"skip":true}]},"25":{"line":306,"type":"if","locations":[{"start":{"line":306,"column":8},"end":{"line":306,"column":8},"skip":true},{"start":{"line":306,"column":8},"end":{"line":306,"column":8},"skip":true}]},"26":{"line":310,"type":"if","locations":[{"start":{"line":310,"column":8},"end":{"line":310,"column":8},"skip":true},{"start":{"line":310,"column":8},"end":{"line":310,"column":8},"skip":true}]},"27":{"line":313,"type":"binary-expr","locations":[{"start":{"line":313,"column":27},"end":{"line":313,"column":43},"skip":true},{"start":{"line":313,"column":47},"end":{"line":313,"column":53},"skip":true}]},"28":{"line":317,"type":"if","locations":[{"start":{"line":317,"column":12},"end":{"line":317,"column":12},"skip":true},{"start":{"line":317,"column":12},"end":{"line":317,"column":12},"skip":true}]}},"code":["/*","example.js","","quickstart example","","instruction","    1. save this script as example.js","    2. run the shell command:","        $ npm install npmtest-cordova-custom-config && PORT=8081 node example.js","    3. play with the browser-demo on http://127.0.0.1:8081","*/","","","","/* istanbul instrument in package npmtest_cordova_custom_config */","/*jslint","    bitwise: true,","    browser: true,","    maxerr: 8,","    maxlen: 96,","    node: true,","    nomen: true,","    regexp: true,","    stupid: true","*/","(function () {","    'use strict';","    var local;","","","","    // run shared js-env code - pre-init","    (function () {","        // init local","        local = {};","        // init modeJs","        local.modeJs = (function () {","            try {","                return typeof navigator.userAgent === 'string' &&","                    typeof document.querySelector('body') === 'object' &&","                    typeof XMLHttpRequest.prototype.open === 'function' &&","                    'browser';","            } catch (errorCaughtBrowser) {","                return module.exports &&","                    typeof process.versions.node === 'string' &&","                    typeof require('http').createServer === 'function' &&","                    'node';","            }","        }());","        // init global","        local.global = local.modeJs === 'browser'","            ? window","            : global;","        // init utility2_rollup","        local = local.global.utility2_rollup || (local.modeJs === 'browser'","            ? local.global.utility2_npmtest_cordova_custom_config","            : global.utility2_moduleExports);","        // export local","        local.global.local = local;","    }());","    switch (local.modeJs) {","","","","    // post-init","    // run browser js-env code - post-init","    /* istanbul ignore next */","    case 'browser':","        local.testRunBrowser = function (event) {","            if (!event || (event &&","                    event.currentTarget &&","                    event.currentTarget.className &&","                    event.currentTarget.className.includes &&","                    event.currentTarget.className.includes('onreset'))) {","                // reset output","                Array.from(","                    document.querySelectorAll('body > .resettable')","                ).forEach(function (element) {","                    switch (element.tagName) {","                    case 'INPUT':","                    case 'TEXTAREA':","                        element.value = '';","                        break;","                    default:","                        element.textContent = '';","                    }","                });","            }","            switch (event && event.currentTarget && event.currentTarget.id) {","            case 'testRunButton1':","                // show tests","                if (document.querySelector('#testReportDiv1').style.display === 'none') {","                    document.querySelector('#testReportDiv1').style.display = 'block';","                    document.querySelector('#testRunButton1').textContent =","                        'hide internal test';","                    local.modeTest = true;","                    local.testRunDefault(local);","                // hide tests","                } else {","                    document.querySelector('#testReportDiv1').style.display = 'none';","                    document.querySelector('#testRunButton1').textContent = 'run internal test';","                }","                break;","            // custom-case","            default:","                break;","            }","            if (document.querySelector('#inputTextareaEval1') && (!event || (event &&","                    event.currentTarget &&","                    event.currentTarget.className &&","                    event.currentTarget.className.includes &&","                    event.currentTarget.className.includes('oneval')))) {","                // try to eval input-code","                try {","                    /*jslint evil: true*/","                    eval(document.querySelector('#inputTextareaEval1').value);","                } catch (errorCaught) {","                    console.error(errorCaught);","                }","            }","        };","        // log stderr and stdout to #outputTextareaStdout1","        ['error', 'log'].forEach(function (key) {","            console[key + '_original'] = console[key];","            console[key] = function () {","                var element;","                console[key + '_original'].apply(console, arguments);","                element = document.querySelector('#outputTextareaStdout1');","                if (!element) {","                    return;","                }","                // append text to #outputTextareaStdout1","                element.value += Array.from(arguments).map(function (arg) {","                    return typeof arg === 'string'","                        ? arg","                        : JSON.stringify(arg, null, 4);","                }).join(' ') + '\\n';","                // scroll textarea to bottom","                element.scrollTop = element.scrollHeight;","            };","        });","        // init event-handling","        ['change', 'click', 'keyup'].forEach(function (event) {","            Array.from(document.querySelectorAll('.on' + event)).forEach(function (element) {","                element.addEventListener(event, local.testRunBrowser);","            });","        });","        // run tests","        local.testRunBrowser();","        break;","","","","    // run node js-env code - post-init","    /* istanbul ignore next */","    case 'node':","        // export local","        module.exports = local;","        // require modules","        local.fs = require('fs');","        local.http = require('http');","        local.url = require('url');","        // init assets","        local.assetsDict = local.assetsDict || {};","        /* jslint-ignore-begin */","        local.assetsDict['/assets.index.template.html'] = '\\","<!doctype html>\\n\\","<html lang=\"en\">\\n\\","<head>\\n\\","<meta charset=\"UTF-8\">\\n\\","<meta name=\"viewport\" content=\"width=device-width, initial-scale=1\">\\n\\","<title>{{env.npm_package_name}} (v{{env.npm_package_version}})</title>\\n\\","<style>\\n\\","/*csslint\\n\\","    box-sizing: false,\\n\\","    universal-selector: false\\n\\","*/\\n\\","* {\\n\\","    box-sizing: border-box;\\n\\","}\\n\\","body {\\n\\","    background: #dde;\\n\\","    font-family: Arial, Helvetica, sans-serif;\\n\\","    margin: 2rem;\\n\\","}\\n\\","body > * {\\n\\","    margin-bottom: 1rem;\\n\\","}\\n\\",".utility2FooterDiv {\\n\\","    margin-top: 20px;\\n\\","    text-align: center;\\n\\","}\\n\\","</style>\\n\\","<style>\\n\\","/*csslint\\n\\","*/\\n\\","textarea {\\n\\","    font-family: monospace;\\n\\","    height: 10rem;\\n\\","    width: 100%;\\n\\","}\\n\\","textarea[readonly] {\\n\\","    background: #ddd;\\n\\","}\\n\\","</style>\\n\\","</head>\\n\\","<body>\\n\\","<!-- utility2-comment\\n\\","<div id=\"ajaxProgressDiv1\" style=\"background: #d00; height: 2px; left: 0; margin: 0; padding: 0; position: fixed; top: 0; transition: background 0.5s, width 1.5s; width: 25%;\"></div>\\n\\","utility2-comment -->\\n\\","<h1>\\n\\","<!-- utility2-comment\\n\\","    <a\\n\\","        {{#if env.npm_package_homepage}}\\n\\","        href=\"{{env.npm_package_homepage}}\"\\n\\","        {{/if env.npm_package_homepage}}\\n\\","        target=\"_blank\"\\n\\","    >\\n\\","utility2-comment -->\\n\\","        {{env.npm_package_name}} (v{{env.npm_package_version}})\\n\\","<!-- utility2-comment\\n\\","    </a>\\n\\","utility2-comment -->\\n\\","</h1>\\n\\","<h3>{{env.npm_package_description}}</h3>\\n\\","<!-- utility2-comment\\n\\","<h4><a download href=\"assets.app.js\">download standalone app</a></h4>\\n\\","<button class=\"onclick onreset\" id=\"testRunButton1\">run internal test</button><br>\\n\\","<div id=\"testReportDiv1\" style=\"display: none;\"></div>\\n\\","utility2-comment -->\\n\\","\\n\\","\\n\\","\\n\\","<label>stderr and stdout</label>\\n\\","<textarea class=\"resettable\" id=\"outputTextareaStdout1\" readonly></textarea>\\n\\","<!-- utility2-comment\\n\\","{{#if isRollup}}\\n\\","<script src=\"assets.app.js\"></script>\\n\\","{{#unless isRollup}}\\n\\","utility2-comment -->\\n\\","<script src=\"assets.utility2.rollup.js\"></script>\\n\\","<script src=\"jsonp.utility2._stateInit?callback=window.utility2._stateInit\"></script>\\n\\","<script src=\"assets.npmtest_cordova_custom_config.rollup.js\"></script>\\n\\","<script src=\"assets.example.js\"></script>\\n\\","<script src=\"assets.test.js\"></script>\\n\\","<!-- utility2-comment\\n\\","{{/if isRollup}}\\n\\","utility2-comment -->\\n\\","<div class=\"utility2FooterDiv\">\\n\\","    [ this app was created with\\n\\","    <a href=\"https://github.com/kaizhu256/node-utility2\" target=\"_blank\">utility2</a>\\n\\","    ]\\n\\","</div>\\n\\","</body>\\n\\","</html>\\n\\","';","        /* jslint-ignore-end */","        if (local.templateRender) {","            local.assetsDict['/'] = local.templateRender(","                local.assetsDict['/assets.index.template.html'],","                {","                    env: local.objectSetDefault(local.env, {","                        npm_package_description: 'the greatest app in the world!',","                        npm_package_name: 'my-app',","                        npm_package_nameAlias: 'my_app',","                        npm_package_version: '0.0.1'","                    })","                }","            );","        } else {","            local.assetsDict['/'] = local.assetsDict['/assets.index.template.html']","                .replace((/\\{\\{env\\.(\\w+?)\\}\\}/g), function (match0, match1) {","                    // jslint-hack","                    String(match0);","                    switch (match1) {","                    case 'npm_package_description':","                        return 'the greatest app in the world!';","                    case 'npm_package_name':","                        return 'my-app';","                    case 'npm_package_nameAlias':","                        return 'my_app';","                    case 'npm_package_version':","                        return '0.0.1';","                    }","                });","        }","        // run the cli","        if (local.global.utility2_rollup || module !== require.main) {","            break;","        }","        local.assetsDict['/assets.example.js'] =","            local.assetsDict['/assets.example.js'] ||","            local.fs.readFileSync(__filename, 'utf8');","        // bug-workaround - long $npm_package_buildCustomOrg","        /* jslint-ignore-begin */","        local.assetsDict['/assets.npmtest_cordova_custom_config.rollup.js'] =","            local.assetsDict['/assets.npmtest_cordova_custom_config.rollup.js'] ||","            local.fs.readFileSync(","                local.npmtest_cordova_custom_config.__dirname + '/lib.npmtest_cordova_custom_config.js',","                'utf8'","            ).replace((/^#!/), '//');","        /* jslint-ignore-end */","        local.assetsDict['/favicon.ico'] = local.assetsDict['/favicon.ico'] || '';","        // if $npm_config_timeout_exit exists,","        // then exit this process after $npm_config_timeout_exit ms","        if (Number(process.env.npm_config_timeout_exit)) {","            setTimeout(process.exit, Number(process.env.npm_config_timeout_exit));","        }","        // start server","        if (local.global.utility2_serverHttp1) {","            break;","        }","        process.env.PORT = process.env.PORT || '8081';","        console.error('server starting on port ' + process.env.PORT);","        local.http.createServer(function (request, response) {","            request.urlParsed = local.url.parse(request.url);","            if (local.assetsDict[request.urlParsed.pathname] !== undefined) {","                response.end(local.assetsDict[request.urlParsed.pathname]);","                return;","            }","            response.statusCode = 404;","            response.end();","        }).listen(process.env.PORT);","        break;","    }","}());",""],"l":{"26":2,"28":2,"33":2,"35":2,"37":2,"38":2,"39":2,"44":1,"51":2,"55":2,"59":2,"61":2,"69":1,"70":2,"76":2,"79":2,"82":2,"83":2,"85":1,"89":2,"92":1,"93":1,"94":1,"96":1,"97":1,"100":1,"101":1,"103":1,"106":1,"108":2,"114":1,"116":1,"118":1,"123":1,"124":2,"125":2,"126":3,"127":3,"128":3,"129":3,"130":1,"133":3,"134":3,"139":3,"143":1,"144":3,"145":1,"149":1,"150":1,"158":1,"160":1,"161":1,"162":1,"164":1,"166":1,"258":1,"259":1,"271":1,"274":6,"275":6,"277":1,"279":2,"281":1,"283":2,"288":1,"289":1,"291":1,"296":1,"303":1,"306":1,"307":1,"310":1,"311":1,"313":1,"314":1,"315":1,"316":1,"317":1,"318":1,"319":1,"321":1,"322":1,"324":1}},"/home/travis/build/npmtest/node-npmtest-cordova-custom-config/node_modules/cordova-custom-config/hooks/applyCustomConfig.js":{"path":"/home/travis/build/npmtest/node-npmtest-cordova-custom-config/node_modules/cordova-custom-config/hooks/applyCustomConfig.js","s":{"1":1,"2":1,"3":1,"4":1,"5":1,"6":1,"7":1,"8":1,"9":1,"10":1,"11":1,"12":1,"13":1,"14":0,"15":0,"16":0,"17":0,"18":0,"19":0,"20":0,"21":0,"22":1,"23":0,"24":0,"25":0,"26":0,"27":0,"28":0,"29":0,"30":0,"31":1,"32":0,"33":0,"34":0,"35":0,"36":1,"37":0,"38":0,"39":0,"40":0,"41":0,"42":0,"43":0,"44":0,"45":0,"46":0,"47":0,"48":0,"49":0,"50":1,"51":0,"52":0,"53":0,"54":0,"55":1,"56":0,"57":0,"58":0,"59":0,"60":0,"61":0,"62":1,"63":0,"64":0,"65":0,"66":0,"67":0,"68":0,"69":0,"70":0,"71":0,"72":0,"73":0,"74":0,"75":0,"76":0,"77":0,"78":0,"79":0,"80":0,"81":0,"82":0,"83":0,"84":0,"85":0,"86":0,"87":0,"88":0,"89":0,"90":0,"91":0,"92":0,"93":0,"94":0,"95":0,"96":0,"97":0,"98":0,"99":0,"100":0,"101":0,"102":0,"103":0,"104":1,"105":0,"106":0,"107":0,"108":0,"109":0,"110":0,"111":0,"112":0,"113":0,"114":0,"115":0,"116":0,"117":1,"118":0,"119":0,"120":0,"121":0,"122":0,"123":0,"124":0,"125":0,"126":0,"127":0,"128":1,"129":0,"130":0,"131":0,"132":0,"133":0,"134":0,"135":0,"136":0,"137":0,"138":1,"139":0,"140":0,"141":0,"142":0,"143":0,"144":0,"145":0,"146":0,"147":0,"148":0,"149":0,"150":0,"151":0,"152":0,"153":0,"154":0,"155":0,"156":0,"157":0,"158":0,"159":0,"160":0,"161":0,"162":0,"163":0,"164":0,"165":0,"166":0,"167":0,"168":0,"169":0,"170":0,"171":0,"172":0,"173":0,"174":0,"175":0,"176":0,"177":0,"178":0,"179":0,"180":0,"181":0,"182":0,"183":0,"184":0,"185":0,"186":0,"187":0,"188":0,"189":0,"190":0,"191":0,"192":0,"193":0,"194":0,"195":0,"196":0,"197":0,"198":0,"199":0,"200":0,"201":0,"202":0,"203":0,"204":0,"205":0,"206":0,"207":0,"208":0,"209":0,"210":0,"211":0,"212":0,"213":0,"214":0,"215":0,"216":1,"217":0,"218":0,"219":0,"220":0,"221":0,"222":0,"223":0,"224":0,"225":0,"226":0,"227":0,"228":0,"229":0,"230":0,"231":0,"232":0,"233":1,"234":0,"235":0,"236":0,"237":0,"238":0,"239":0,"240":0,"241":0,"242":0,"243":0,"244":0,"245":0,"246":0,"247":0,"248":0,"249":0,"250":0,"251":1,"252":0,"253":0,"254":0,"255":0,"256":0,"257":0,"258":0,"259":0,"260":0,"261":0,"262":1,"263":0,"264":0,"265":0,"266":0,"267":0,"268":0,"269":0,"270":0,"271":0,"272":0,"273":0,"274":0,"275":0,"276":0,"277":0,"278":0,"279":0,"280":0,"281":0,"282":0,"283":0,"284":1,"285":0,"286":0,"287":0,"288":0,"289":0,"290":0,"291":0,"292":0,"293":0,"294":0,"295":0,"296":0,"297":0,"298":0,"299":0,"300":0,"301":1,"302":0,"303":0,"304":1,"305":0,"306":0,"307":0,"308":0,"309":0,"310":0,"311":0,"312":0,"313":0,"314":0,"315":0,"316":0,"317":0,"318":0,"319":0,"320":0,"321":0,"322":0,"323":0,"324":0,"325":0,"326":0,"327":0,"328":0,"329":0,"330":0,"331":0,"332":0,"333":0,"334":0,"335":1,"336":0,"337":1,"338":0,"339":1,"340":0,"341":1,"342":0,"343":0,"344":0,"345":0,"346":0,"347":0,"348":0,"349":0,"350":0,"351":0,"352":0,"353":0,"354":0,"355":0,"356":0,"357":0,"358":0,"359":1,"360":0,"361":0,"362":0,"363":0,"364":0,"365":0,"366":0,"367":0,"368":0,"369":0,"370":0,"371":0,"372":0,"373":0,"374":0,"375":0,"376":0,"377":0,"378":0,"379":0,"380":0,"381":0,"382":0,"383":0,"384":0,"385":0,"386":0,"387":0,"388":0,"389":0,"390":0,"391":0,"392":0,"393":0,"394":0,"395":1,"396":0,"397":0,"398":1,"399":0,"400":0,"401":1,"402":0,"403":0,"404":1,"405":0,"406":0,"407":0,"408":0,"409":0,"410":0,"411":0,"412":0,"413":0,"414":0,"415":0,"416":0,"417":0,"418":0,"419":0,"420":0,"421":0,"422":0,"423":0,"424":0,"425":0,"426":1,"427":1,"428":0,"429":0,"430":0,"431":0,"432":0,"433":0,"434":0,"435":0,"436":0,"437":0,"438":0,"439":0,"440":0,"441":0,"442":0,"443":0,"444":0,"445":0,"446":0,"447":0,"448":0},"b":{"1":[0,0],"2":[0,0],"3":[0,0],"4":[0,0],"5":[0,0],"6":[0,0],"7":[0,0],"8":[0,0],"9":[0,0],"10":[0,0,0],"11":[0,0],"12":[0,0],"13":[0,0],"14":[0,0],"15":[0,0],"16":[0,0],"17":[0,0,0,0,0,0,0],"18":[0,0],"19":[0],"20":[0,0],"21":[0,0],"22":[0,0],"23":[0,0],"24":[0,0],"25":[0,0],"26":[0,0],"27":[0,0],"28":[0,0],"29":[0,0],"30":[0,0],"31":[0,0],"32":[0,0],"33":[0,0],"34":[0,0],"35":[0,0],"36":[0,0],"37":[0,0],"38":[0,0],"39":[0,0],"40":[0,0],"41":[0,0],"42":[0,0],"43":[0,0],"44":[0,0],"45":[0,0],"46":[0,0],"47":[0,0],"48":[0,0],"49":[0,0],"50":[0,0],"51":[0,0],"52":[0,0],"53":[0,0],"54":[0,0],"55":[0,0],"56":[0,0],"57":[0,0],"58":[0,0],"59":[0,0],"60":[0,0],"61":[0,0],"62":[0,0],"63":[0,0],"64":[0,0],"65":[0,0],"66":[0,0],"67":[0,0,0],"68":[0,0],"69":[0,0,0],"70":[0,0],"71":[0,0,0],"72":[0,0],"73":[0,0],"74":[0,0],"75":[0,0],"76":[0,0],"77":[0,0],"78":[0,0],"79":[0,0],"80":[0,0],"81":[0,0],"82":[0,0],"83":[0,0,0,0],"84":[0,0],"85":[0,0],"86":[0,0],"87":[0,0,0],"88":[0,0],"89":[0,0,0],"90":[0,0],"91":[0,0],"92":[0,0],"93":[0,0],"94":[0,0],"95":[0,0],"96":[0,0],"97":[0,0],"98":[0,0],"99":[0,0,0,0],"100":[0,0],"101":[0,0],"102":[0,0],"103":[0,0],"104":[0,0],"105":[0,0],"106":[0,0],"107":[0,0],"108":[0,0],"109":[0,0],"110":[0,0],"111":[0,0],"112":[0,0],"113":[0,0],"114":[0,0],"115":[0,0],"116":[0,0],"117":[0,0],"118":[0,0],"119":[0,0],"120":[0,0]},"f":{"1":1,"2":0,"3":0,"4":0,"5":0,"6":0,"7":0,"8":0,"9":0,"10":0,"11":0,"12":0,"13":0,"14":0,"15":0,"16":0,"17":0,"18":0,"19":0,"20":0,"21":0,"22":0,"23":0,"24":0,"25":0,"26":0,"27":0,"28":0,"29":0,"30":0,"31":0,"32":0,"33":0,"34":0,"35":0,"36":0,"37":0,"38":0,"39":0,"40":0,"41":0,"42":0,"43":0,"44":0,"45":0,"46":0,"47":0,"48":0,"49":0,"50":0,"51":0,"52":0,"53":0,"54":0,"55":0,"56":0,"57":0,"58":0,"59":0,"60":0,"61":0},"fnMap":{"1":{"name":"(anonymous_1)","line":23,"loc":{"start":{"line":23,"column":25},"end":{"line":23,"column":35}}},"2":{"name":"eltreeToXmlString","line":142,"loc":{"start":{"line":142,"column":4},"end":{"line":142,"column":37}}},"3":{"name":"(anonymous_3)","line":149,"loc":{"start":{"line":149,"column":39},"end":{"line":149,"column":56}}},"4":{"name":"getPlatformPreferences","line":162,"loc":{"start":{"line":162,"column":4},"end":{"line":162,"column":46}}},"5":{"name":"keyBy","line":184,"loc":{"start":{"line":184,"column":4},"end":{"line":184,"column":27}}},"6":{"name":"(anonymous_6)","line":186,"loc":{"start":{"line":186,"column":20},"end":{"line":186,"column":31}}},"7":{"name":"getConfigFilesByTargetAndParent","line":196,"loc":{"start":{"line":196,"column":4},"end":{"line":196,"column":55}}},"8":{"name":"(anonymous_8)","line":198,"loc":{"start":{"line":198,"column":43},"end":{"line":198,"column":58}}},"9":{"name":"parseConfigXml","line":220,"loc":{"start":{"line":220,"column":4},"end":{"line":220,"column":38}}},"10":{"name":"parsePlatformPreferences","line":229,"loc":{"start":{"line":229,"column":4},"end":{"line":229,"column":60}}},"11":{"name":"parseiOSPreferences","line":242,"loc":{"start":{"line":242,"column":4},"end":{"line":242,"column":57}}},"12":{"name":"(anonymous_12)","line":244,"loc":{"start":{"line":244,"column":28},"end":{"line":244,"column":50}}},"13":{"name":"(anonymous_13)","line":263,"loc":{"start":{"line":263,"column":53},"end":{"line":263,"column":68}}},"14":{"name":"parseAndroidPreferences","line":315,"loc":{"start":{"line":315,"column":4},"end":{"line":315,"column":61}}},"15":{"name":"(anonymous_15)","line":318,"loc":{"start":{"line":318,"column":28},"end":{"line":318,"column":50}}},"16":{"name":"parseConfigFiles","line":348,"loc":{"start":{"line":348,"column":4},"end":{"line":348,"column":52}}},"17":{"name":"(anonymous_17)","line":352,"loc":{"start":{"line":352,"column":28},"end":{"line":352,"column":55}}},"18":{"name":"(anonymous_18)","line":359,"loc":{"start":{"line":359,"column":45},"end":{"line":359,"column":64}}},"19":{"name":"createPath","line":381,"loc":{"start":{"line":381,"column":4},"end":{"line":381,"column":36}}},"20":{"name":"(anonymous_20)","line":386,"loc":{"start":{"line":386,"column":26},"end":{"line":386,"column":49}}},"21":{"name":"updateAndroidManifest","line":402,"loc":{"start":{"line":402,"column":4},"end":{"line":402,"column":64}}},"22":{"name":"(anonymous_22)","line":406,"loc":{"start":{"line":406,"column":32},"end":{"line":406,"column":53}}},"23":{"name":"(anonymous_23)","line":408,"loc":{"start":{"line":408,"column":37},"end":{"line":408,"column":55}}},"24":{"name":"(anonymous_24)","line":416,"loc":{"start":{"line":416,"column":28},"end":{"line":416,"column":44}}},"25":{"name":"(anonymous_25)","line":424,"loc":{"start":{"line":424,"column":41},"end":{"line":424,"column":63}}},"26":{"name":"(anonymous_26)","line":474,"loc":{"start":{"line":474,"column":40},"end":{"line":474,"column":52}}},"27":{"name":"(anonymous_27)","line":476,"loc":{"start":{"line":476,"column":33},"end":{"line":476,"column":59}}},"28":{"name":"(anonymous_28)","line":494,"loc":{"start":{"line":494,"column":57},"end":{"line":494,"column":75}}},"29":{"name":"(anonymous_29)","line":511,"loc":{"start":{"line":511,"column":47},"end":{"line":511,"column":66}}},"30":{"name":"updateWp8Manifest","line":540,"loc":{"start":{"line":540,"column":4},"end":{"line":540,"column":60}}},"31":{"name":"(anonymous_31)","line":543,"loc":{"start":{"line":543,"column":28},"end":{"line":543,"column":44}}},"32":{"name":"(anonymous_32)","line":554,"loc":{"start":{"line":554,"column":32},"end":{"line":554,"column":58}}},"33":{"name":"(anonymous_33)","line":566,"loc":{"start":{"line":566,"column":25},"end":{"line":566,"column":51}}},"34":{"name":"updateIosPlist","line":580,"loc":{"start":{"line":580,"column":4},"end":{"line":580,"column":58}}},"35":{"name":"(anonymous_35)","line":584,"loc":{"start":{"line":584,"column":28},"end":{"line":584,"column":44}}},"36":{"name":"updateIosPch","line":612,"loc":{"start":{"line":612,"column":4},"end":{"line":612,"column":56}}},"37":{"name":"(anonymous_37)","line":615,"loc":{"start":{"line":615,"column":28},"end":{"line":615,"column":44}}},"38":{"name":"(anonymous_38)","line":619,"loc":{"start":{"line":619,"column":48},"end":{"line":619,"column":65}}},"39":{"name":"updateIosPbxProj","line":634,"loc":{"start":{"line":634,"column":4},"end":{"line":634,"column":61}}},"40":{"name":"(anonymous_40)","line":636,"loc":{"start":{"line":636,"column":27},"end":{"line":636,"column":40}}},"41":{"name":"(anonymous_41)","line":646,"loc":{"start":{"line":646,"column":36},"end":{"line":646,"column":52}}},"42":{"name":"updateXCBuildConfiguration","line":677,"loc":{"start":{"line":677,"column":4},"end":{"line":677,"column":64}}},"43":{"name":"updateXCConfigs","line":710,"loc":{"start":{"line":710,"column":4},"end":{"line":710,"column":55}}},"44":{"name":"(anonymous_44)","line":711,"loc":{"start":{"line":711,"column":26},"end":{"line":711,"column":44}}},"45":{"name":"updateXCConfig","line":716,"loc":{"start":{"line":716,"column":4},"end":{"line":716,"column":70}}},"46":{"name":"(anonymous_46)","line":724,"loc":{"start":{"line":724,"column":28},"end":{"line":724,"column":44}}},"47":{"name":"(anonymous_47)","line":740,"loc":{"start":{"line":740,"column":32},"end":{"line":740,"column":42}}},"48":{"name":"regExpEscape","line":773,"loc":{"start":{"line":773,"column":4},"end":{"line":773,"column":42}}},"49":{"name":"quoteEscape","line":777,"loc":{"start":{"line":777,"column":4},"end":{"line":777,"column":31}}},"50":{"name":"onlyUnique","line":781,"loc":{"start":{"line":781,"column":4},"end":{"line":781,"column":43}}},"51":{"name":"ensureBackup","line":786,"loc":{"start":{"line":786,"column":4},"end":{"line":786,"column":67}}},"52":{"name":"updatePlatformConfig","line":819,"loc":{"start":{"line":819,"column":4},"end":{"line":819,"column":44}}},"53":{"name":"(anonymous_53)","line":823,"loc":{"start":{"line":823,"column":27},"end":{"line":823,"column":66}}},"54":{"name":"complete","line":864,"loc":{"start":{"line":864,"column":4},"end":{"line":864,"column":23}}},"55":{"name":"checkComplete","line":869,"loc":{"start":{"line":869,"column":4},"end":{"line":869,"column":28}}},"56":{"name":"(anonymous_56)","line":879,"loc":{"start":{"line":879,"column":41},"end":{"line":879,"column":54}}},"57":{"name":"(anonymous_57)","line":891,"loc":{"start":{"line":891,"column":29},"end":{"line":891,"column":42}}},"58":{"name":"(anonymous_58)","line":906,"loc":{"start":{"line":906,"column":39},"end":{"line":906,"column":66}}},"59":{"name":"(anonymous_59)","line":928,"loc":{"start":{"line":928,"column":17},"end":{"line":928,"column":31}}},"60":{"name":"(anonymous_60)","line":938,"loc":{"start":{"line":938,"column":15},"end":{"line":938,"column":25}}},"61":{"name":"(anonymous_61)","line":953,"loc":{"start":{"line":953,"column":77},"end":{"line":953,"column":87}}}},"statementMap":{"1":{"start":{"line":7,"column":0},"end":{"line":7,"column":24}},"2":{"start":{"line":10,"column":0},"end":{"line":18,"column":14}},"3":{"start":{"line":21,"column":0},"end":{"line":21,"column":14}},"4":{"start":{"line":23,"column":0},"end":{"line":925,"column":5}},"5":{"start":{"line":29,"column":4},"end":{"line":29,"column":38}},"6":{"start":{"line":31,"column":4},"end":{"line":31,"column":107}},"7":{"start":{"line":33,"column":4},"end":{"line":36,"column":6}},"8":{"start":{"line":41,"column":4},"end":{"line":127,"column":6}},"9":{"start":{"line":129,"column":4},"end":{"line":129,"column":114}},"10":{"start":{"line":131,"column":4},"end":{"line":131,"column":24}},"11":{"start":{"line":133,"column":4},"end":{"line":133,"column":39}},"12":{"start":{"line":134,"column":4},"end":{"line":134,"column":37}},"13":{"start":{"line":142,"column":4},"end":{"line":156,"column":5}},"14":{"start":{"line":143,"column":8},"end":{"line":143,"column":27}},"15":{"start":{"line":144,"column":8},"end":{"line":144,"column":33}},"16":{"start":{"line":146,"column":8},"end":{"line":152,"column":9}},"17":{"start":{"line":147,"column":12},"end":{"line":147,"column":35}},"18":{"start":{"line":149,"column":12},"end":{"line":151,"column":15}},"19":{"start":{"line":150,"column":16},"end":{"line":150,"column":47}},"20":{"start":{"line":154,"column":8},"end":{"line":154,"column":31}},"21":{"start":{"line":155,"column":8},"end":{"line":155,"column":18}},"22":{"start":{"line":162,"column":4},"end":{"line":179,"column":5}},"23":{"start":{"line":164,"column":8},"end":{"line":168,"column":9}},"24":{"start":{"line":165,"column":12},"end":{"line":167,"column":14}},"25":{"start":{"line":170,"column":8},"end":{"line":170,"column":49}},"26":{"start":{"line":171,"column":8},"end":{"line":176,"column":9}},"27":{"start":{"line":172,"column":12},"end":{"line":174,"column":13}},"28":{"start":{"line":173,"column":16},"end":{"line":173,"column":113}},"29":{"start":{"line":175,"column":12},"end":{"line":175,"column":60}},"30":{"start":{"line":178,"column":8},"end":{"line":178,"column":21}},"31":{"start":{"line":184,"column":4},"end":{"line":190,"column":5}},"32":{"start":{"line":185,"column":8},"end":{"line":185,"column":24}},"33":{"start":{"line":186,"column":8},"end":{"line":188,"column":11}},"34":{"start":{"line":187,"column":12},"end":{"line":187,"column":30}},"35":{"start":{"line":189,"column":8},"end":{"line":189,"column":22}},"36":{"start":{"line":196,"column":4},"end":{"line":217,"column":5}},"37":{"start":{"line":197,"column":8},"end":{"line":197,"column":99}},"38":{"start":{"line":198,"column":8},"end":{"line":215,"column":11}},"39":{"start":{"line":199,"column":12},"end":{"line":199,"column":44}},"40":{"start":{"line":201,"column":12},"end":{"line":201,"column":21}},"41":{"start":{"line":202,"column":12},"end":{"line":205,"column":13}},"42":{"start":{"line":203,"column":16},"end":{"line":203,"column":83}},"43":{"start":{"line":204,"column":16},"end":{"line":204,"column":29}},"44":{"start":{"line":206,"column":12},"end":{"line":208,"column":13}},"45":{"start":{"line":207,"column":16},"end":{"line":207,"column":40}},"46":{"start":{"line":211,"column":12},"end":{"line":213,"column":13}},"47":{"start":{"line":212,"column":16},"end":{"line":212,"column":30}},"48":{"start":{"line":214,"column":12},"end":{"line":214,"column":66}},"49":{"start":{"line":216,"column":8},"end":{"line":216,"column":22}},"50":{"start":{"line":220,"column":4},"end":{"line":226,"column":5}},"51":{"start":{"line":221,"column":8},"end":{"line":221,"column":28}},"52":{"start":{"line":222,"column":8},"end":{"line":222,"column":55}},"53":{"start":{"line":223,"column":8},"end":{"line":223,"column":47}},"54":{"start":{"line":225,"column":8},"end":{"line":225,"column":26}},"55":{"start":{"line":229,"column":4},"end":{"line":239,"column":5}},"56":{"start":{"line":230,"column":8},"end":{"line":230,"column":59}},"57":{"start":{"line":231,"column":8},"end":{"line":238,"column":9}},"58":{"start":{"line":233,"column":16},"end":{"line":233,"column":61}},"59":{"start":{"line":234,"column":16},"end":{"line":234,"column":22}},"60":{"start":{"line":236,"column":16},"end":{"line":236,"column":65}},"61":{"start":{"line":237,"column":16},"end":{"line":237,"column":22}},"62":{"start":{"line":242,"column":4},"end":{"line":312,"column":5}},"63":{"start":{"line":243,"column":8},"end":{"line":243,"column":36}},"64":{"start":{"line":244,"column":8},"end":{"line":308,"column":11}},"65":{"start":{"line":245,"column":12},"end":{"line":307,"column":13}},"66":{"start":{"line":246,"column":16},"end":{"line":246,"column":39}},"67":{"start":{"line":247,"column":16},"end":{"line":253,"column":22}},"68":{"start":{"line":254,"column":16},"end":{"line":256,"column":17}},"69":{"start":{"line":255,"column":20},"end":{"line":255,"column":72}},"70":{"start":{"line":257,"column":16},"end":{"line":259,"column":17}},"71":{"start":{"line":258,"column":20},"end":{"line":258,"column":64}},"72":{"start":{"line":260,"column":16},"end":{"line":299,"column":17}},"73":{"start":{"line":261,"column":20},"end":{"line":261,"column":62}},"74":{"start":{"line":262,"column":20},"end":{"line":262,"column":42}},"75":{"start":{"line":263,"column":20},"end":{"line":298,"column":23}},"76":{"start":{"line":264,"column":24},"end":{"line":297,"column":25}},"77":{"start":{"line":265,"column":28},"end":{"line":265,"column":38}},"78":{"start":{"line":266,"column":28},"end":{"line":288,"column":29}},"79":{"start":{"line":268,"column":36},"end":{"line":268,"column":49}},"80":{"start":{"line":269,"column":36},"end":{"line":269,"column":42}},"81":{"start":{"line":271,"column":36},"end":{"line":271,"column":54}},"82":{"start":{"line":272,"column":36},"end":{"line":272,"column":42}},"83":{"start":{"line":274,"column":36},"end":{"line":274,"column":73}},"84":{"start":{"line":275,"column":36},"end":{"line":275,"column":42}},"85":{"start":{"line":277,"column":36},"end":{"line":277,"column":69}},"86":{"start":{"line":278,"column":36},"end":{"line":278,"column":42}},"87":{"start":{"line":280,"column":36},"end":{"line":280,"column":69}},"88":{"start":{"line":281,"column":36},"end":{"line":281,"column":42}},"89":{"start":{"line":283,"column":36},"end":{"line":283,"column":69}},"90":{"start":{"line":284,"column":36},"end":{"line":284,"column":42}},"91":{"start":{"line":286,"column":36},"end":{"line":286,"column":61}},"92":{"start":{"line":287,"column":36},"end":{"line":287,"column":42}},"93":{"start":{"line":289,"column":28},"end":{"line":295,"column":29}},"94":{"start":{"line":290,"column":32},"end":{"line":294,"column":33}},"95":{"start":{"line":292,"column":40},"end":{"line":292,"column":108}},"96":{"start":{"line":293,"column":40},"end":{"line":293,"column":46}},"97":{"start":{"line":296,"column":28},"end":{"line":296,"column":57}},"98":{"start":{"line":301,"column":16},"end":{"line":301,"column":123}},"99":{"start":{"line":303,"column":16},"end":{"line":305,"column":17}},"100":{"start":{"line":304,"column":20},"end":{"line":304,"column":44}},"101":{"start":{"line":306,"column":16},"end":{"line":306,"column":50}},"102":{"start":{"line":309,"column":8},"end":{"line":311,"column":9}},"103":{"start":{"line":310,"column":12},"end":{"line":310,"column":39}},"104":{"start":{"line":315,"column":4},"end":{"line":345,"column":5}},"105":{"start":{"line":316,"column":8},"end":{"line":316,"column":32}},"106":{"start":{"line":318,"column":8},"end":{"line":344,"column":11}},"107":{"start":{"line":320,"column":12},"end":{"line":321,"column":25}},"108":{"start":{"line":323,"column":12},"end":{"line":336,"column":13}},"109":{"start":{"line":325,"column":16},"end":{"line":326,"column":46}},"110":{"start":{"line":327,"column":16},"end":{"line":327,"column":30}},"111":{"start":{"line":329,"column":16},"end":{"line":334,"column":18}},"112":{"start":{"line":335,"column":16},"end":{"line":335,"column":47}},"113":{"start":{"line":338,"column":12},"end":{"line":343,"column":13}},"114":{"start":{"line":339,"column":16},"end":{"line":341,"column":17}},"115":{"start":{"line":340,"column":20},"end":{"line":340,"column":44}},"116":{"start":{"line":342,"column":16},"end":{"line":342,"column":50}},"117":{"start":{"line":348,"column":4},"end":{"line":371,"column":5}},"118":{"start":{"line":349,"column":8},"end":{"line":350,"column":32}},"119":{"start":{"line":352,"column":8},"end":{"line":370,"column":11}},"120":{"start":{"line":353,"column":12},"end":{"line":353,"column":42}},"121":{"start":{"line":354,"column":12},"end":{"line":354,"column":37}},"122":{"start":{"line":355,"column":12},"end":{"line":355,"column":37}},"123":{"start":{"line":356,"column":12},"end":{"line":356,"column":35}},"124":{"start":{"line":357,"column":12},"end":{"line":357,"column":49}},"125":{"start":{"line":359,"column":12},"end":{"line":367,"column":15}},"126":{"start":{"line":360,"column":16},"end":{"line":366,"column":19}},"127":{"start":{"line":369,"column":12},"end":{"line":369,"column":39}},"128":{"start":{"line":381,"column":4},"end":{"line":399,"column":5}},"129":{"start":{"line":382,"column":8},"end":{"line":383,"column":28}},"130":{"start":{"line":385,"column":8},"end":{"line":396,"column":9}},"131":{"start":{"line":386,"column":12},"end":{"line":395,"column":15}},"132":{"start":{"line":387,"column":16},"end":{"line":387,"column":58}},"133":{"start":{"line":388,"column":16},"end":{"line":388,"column":36}},"134":{"start":{"line":390,"column":16},"end":{"line":392,"column":17}},"135":{"start":{"line":391,"column":20},"end":{"line":391,"column":73}},"136":{"start":{"line":394,"column":16},"end":{"line":394,"column":28}},"137":{"start":{"line":398,"column":8},"end":{"line":398,"column":71}},"138":{"start":{"line":402,"column":4},"end":{"line":536,"column":5}},"139":{"start":{"line":403,"column":8},"end":{"line":404,"column":42}},"140":{"start":{"line":406,"column":8},"end":{"line":414,"column":10}},"141":{"start":{"line":407,"column":12},"end":{"line":407,"column":38}},"142":{"start":{"line":408,"column":12},"end":{"line":412,"column":15}},"143":{"start":{"line":409,"column":16},"end":{"line":411,"column":17}},"144":{"start":{"line":410,"column":20},"end":{"line":410,"column":46}},"145":{"start":{"line":413,"column":12},"end":{"line":413,"column":34}},"146":{"start":{"line":416,"column":8},"end":{"line":533,"column":11}},"147":{"start":{"line":418,"column":12},"end":{"line":422,"column":24}},"148":{"start":{"line":424,"column":12},"end":{"line":430,"column":15}},"149":{"start":{"line":425,"column":16},"end":{"line":427,"column":17}},"150":{"start":{"line":426,"column":20},"end":{"line":426,"column":27}},"151":{"start":{"line":428,"column":16},"end":{"line":428,"column":85}},"152":{"start":{"line":429,"column":16},"end":{"line":429,"column":89}},"153":{"start":{"line":432,"column":12},"end":{"line":434,"column":13}},"154":{"start":{"line":433,"column":16},"end":{"line":433,"column":50}},"155":{"start":{"line":436,"column":12},"end":{"line":438,"column":13}},"156":{"start":{"line":437,"column":16},"end":{"line":437,"column":23}},"157":{"start":{"line":440,"column":12},"end":{"line":532,"column":13}},"158":{"start":{"line":441,"column":16},"end":{"line":441,"column":45}},"159":{"start":{"line":443,"column":16},"end":{"line":443,"column":43}},"160":{"start":{"line":445,"column":16},"end":{"line":463,"column":17}},"161":{"start":{"line":446,"column":20},"end":{"line":446,"column":56}},"162":{"start":{"line":447,"column":20},"end":{"line":447,"column":59}},"163":{"start":{"line":448,"column":20},"end":{"line":448,"column":46}},"164":{"start":{"line":450,"column":20},"end":{"line":460,"column":21}},"165":{"start":{"line":451,"column":24},"end":{"line":451,"column":49}},"166":{"start":{"line":452,"column":24},"end":{"line":452,"column":71}},"167":{"start":{"line":454,"column":24},"end":{"line":454,"column":66}},"168":{"start":{"line":456,"column":24},"end":{"line":459,"column":25}},"169":{"start":{"line":457,"column":28},"end":{"line":457,"column":49}},"170":{"start":{"line":458,"column":28},"end":{"line":458,"column":73}},"171":{"start":{"line":462,"column":20},"end":{"line":462,"column":90}},"172":{"start":{"line":466,"column":16},"end":{"line":466,"column":46}},"173":{"start":{"line":468,"column":16},"end":{"line":468,"column":64}},"174":{"start":{"line":470,"column":16},"end":{"line":470,"column":77}},"175":{"start":{"line":471,"column":16},"end":{"line":471,"column":64}},"176":{"start":{"line":474,"column":16},"end":{"line":481,"column":18}},"177":{"start":{"line":476,"column":20},"end":{"line":480,"column":23}},"178":{"start":{"line":477,"column":24},"end":{"line":479,"column":25}},"179":{"start":{"line":478,"column":28},"end":{"line":478,"column":48}},"180":{"start":{"line":483,"column":16},"end":{"line":521,"column":17}},"181":{"start":{"line":484,"column":20},"end":{"line":484,"column":144}},"182":{"start":{"line":485,"column":20},"end":{"line":485,"column":60}},"183":{"start":{"line":488,"column":20},"end":{"line":518,"column":21}},"184":{"start":{"line":489,"column":24},"end":{"line":489,"column":73}},"185":{"start":{"line":490,"column":24},"end":{"line":517,"column":25}},"186":{"start":{"line":491,"column":28},"end":{"line":491,"column":76}},"187":{"start":{"line":492,"column":28},"end":{"line":492,"column":56}},"188":{"start":{"line":494,"column":28},"end":{"line":494,"column":43}},"189":{"start":{"line":494,"column":44},"end":{"line":510,"column":30}},"190":{"start":{"line":496,"column":32},"end":{"line":496,"column":69}},"191":{"start":{"line":496,"column":56},"end":{"line":496,"column":69}},"192":{"start":{"line":497,"column":32},"end":{"line":497,"column":71}},"193":{"start":{"line":497,"column":58},"end":{"line":497,"column":71}},"194":{"start":{"line":498,"column":32},"end":{"line":500,"column":33}},"195":{"start":{"line":499,"column":36},"end":{"line":499,"column":112}},"196":{"start":{"line":499,"column":99},"end":{"line":499,"column":112}},"197":{"start":{"line":501,"column":32},"end":{"line":501,"column":95}},"198":{"start":{"line":501,"column":82},"end":{"line":501,"column":95}},"199":{"start":{"line":502,"column":32},"end":{"line":508,"column":33}},"200":{"start":{"line":503,"column":36},"end":{"line":507,"column":37}},"201":{"start":{"line":504,"column":40},"end":{"line":506,"column":41}},"202":{"start":{"line":505,"column":44},"end":{"line":505,"column":57}},"203":{"start":{"line":509,"column":32},"end":{"line":509,"column":44}},"204":{"start":{"line":511,"column":28},"end":{"line":516,"column":31}},"205":{"start":{"line":512,"column":32},"end":{"line":515,"column":33}},"206":{"start":{"line":513,"column":36},"end":{"line":513,"column":56}},"207":{"start":{"line":514,"column":36},"end":{"line":514,"column":49}},"208":{"start":{"line":520,"column":20},"end":{"line":520,"column":59}},"209":{"start":{"line":523,"column":16},"end":{"line":523,"column":42}},"210":{"start":{"line":526,"column":16},"end":{"line":529,"column":17}},"211":{"start":{"line":527,"column":20},"end":{"line":527,"column":63}},"212":{"start":{"line":528,"column":20},"end":{"line":528,"column":45}},"213":{"start":{"line":531,"column":16},"end":{"line":531,"column":43}},"214":{"start":{"line":534,"column":8},"end":{"line":534,"column":83}},"215":{"start":{"line":535,"column":8},"end":{"line":535,"column":55}},"216":{"start":{"line":540,"column":4},"end":{"line":575,"column":5}},"217":{"start":{"line":541,"column":8},"end":{"line":542,"column":42}},"218":{"start":{"line":543,"column":8},"end":{"line":572,"column":11}},"219":{"start":{"line":545,"column":12},"end":{"line":549,"column":24}},"220":{"start":{"line":550,"column":12},"end":{"line":552,"column":13}},"221":{"start":{"line":551,"column":16},"end":{"line":551,"column":23}},"222":{"start":{"line":554,"column":12},"end":{"line":556,"column":15}},"223":{"start":{"line":555,"column":16},"end":{"line":555,"column":62}},"224":{"start":{"line":558,"column":12},"end":{"line":558,"column":51}},"225":{"start":{"line":560,"column":12},"end":{"line":563,"column":13}},"226":{"start":{"line":561,"column":16},"end":{"line":561,"column":59}},"227":{"start":{"line":562,"column":16},"end":{"line":562,"column":41}},"228":{"start":{"line":566,"column":12},"end":{"line":570,"column":15}},"229":{"start":{"line":567,"column":16},"end":{"line":569,"column":17}},"230":{"start":{"line":568,"column":20},"end":{"line":568,"column":45}},"231":{"start":{"line":573,"column":8},"end":{"line":573,"column":83}},"232":{"start":{"line":574,"column":8},"end":{"line":574,"column":55}},"233":{"start":{"line":580,"column":4},"end":{"line":607,"column":5}},"234":{"start":{"line":581,"column":8},"end":{"line":582,"column":26}},"235":{"start":{"line":584,"column":8},"end":{"line":601,"column":11}},"236":{"start":{"line":585,"column":12},"end":{"line":585,"column":34}},"237":{"start":{"line":586,"column":12},"end":{"line":586,"column":65}},"238":{"start":{"line":587,"column":12},"end":{"line":587,"column":73}},"239":{"start":{"line":589,"column":12},"end":{"line":589,"column":55}},"240":{"start":{"line":590,"column":12},"end":{"line":590,"column":44}},"241":{"start":{"line":591,"column":12},"end":{"line":593,"column":13}},"242":{"start":{"line":592,"column":16},"en
[...]
s/resolveDependencies.js","s":{"1":1,"2":0,"3":0,"4":0,"5":0,"6":0,"7":0,"8":0,"9":0,"10":0,"11":0,"12":0,"13":0,"14":0,"15":0,"16":0,"17":0,"18":0,"19":0,"20":0,"21":0,"22":0,"23":0,"24":0,"25":0},"b":{"1":[0,0],"2":[0,0]},"f":{"1":0,"2":0},"fnMap":{"1":{"name":"(anonymous_1)","line":3,"loc":{"start":{"line":3,"column":17},"end":{"line":3,"column":30}}},"2":{"name":"(anonymous_2)","line":25,"loc":{"start":{"line":25,"column":39},"end":{"line":25,"column":70}}}},"statementMap":{"1":{"start":{"line":3,"column":0},"end":{"line":41,"column":2}},"2":{"start":{"line":4,"column":4},"end":{"line":4,"column":39}},"3":{"start":{"line":6,"column":4},"end":{"line":6,"column":62}},"4":{"start":{"line":7,"column":4},"end":{"line":7,"column":44}},"5":{"start":{"line":8,"column":4},"end":{"line":8,"column":48}},"6":{"start":{"line":9,"column":4},"end":{"line":9,"column":57}},"7":{"start":{"line":11,"column":4},"end":{"line":11,"column":95}},"8":{"start":{"line":12,"column":4},"end":{"line":12,"column":68}},"9":{"start":{"line":14,"column":4},"end":{"line":14,"column":91}},"10":{"start":{"line":15,"column":4},"end":{"line":15,"column":21}},"11":{"start":{"line":16,"column":4},"end":{"line":21,"column":5}},"12":{"start":{"line":17,"column":8},"end":{"line":17,"column":70}},"13":{"start":{"line":20,"column":8},"end":{"line":20,"column":29}},"14":{"start":{"line":23,"column":4},"end":{"line":38,"column":5}},"15":{"start":{"line":24,"column":8},"end":{"line":24,"column":60}},"16":{"start":{"line":25,"column":8},"end":{"line":34,"column":11}},"17":{"start":{"line":26,"column":12},"end":{"line":26,"column":35}},"18":{"start":{"line":27,"column":12},"end":{"line":33,"column":13}},"19":{"start":{"line":28,"column":16},"end":{"line":28,"column":39}},"20":{"start":{"line":29,"column":16},"end":{"line":29,"column":77}},"21":{"start":{"line":31,"column":16},"end":{"line":31,"column":57}},"22":{"start":{"line":32,"column":16},"end":{"line":32,"column":35}},"23":{"start":{"line":36,"column":8},"end":{"line":36,"column":61}},"24":{"start":{"line":37,"column":8},"end":{"line":37,"column":27}},"25":{"start":{"line":40,"column":4},"end":{"line":40,"column":28}}},"branchMap":{"1":{"line":23,"type":"if","locations":[{"start":{"line":23,"column":4},"end":{"line":23,"column":4}},{"start":{"line":23,"column":4},"end":{"line":23,"column":4}}]},"2":{"line":27,"type":"if","locations":[{"start":{"line":27,"column":12},"end":{"line":27,"column":12}},{"start":{"line":27,"column":12},"end":{"line":27,"column":12}}]}},"code":["//#!/usr/bin/env node","","module.exports = function(ctx){","    var PLUGIN_ID = ctx.opts.plugin.id;","","    var exec = ctx.requireCordovaModule('child_process').exec;","    var fs = ctx.requireCordovaModule('fs');","    var path = ctx.requireCordovaModule('path');","    var deferral = ctx.requireCordovaModule('q').defer();","","    var hooksPath = path.resolve(ctx.opts.projectRoot, \"plugins\", ctx.opts.plugin.id, \"hooks\");","    var logger = require(path.resolve(hooksPath, \"logger.js\"))(ctx);","","    var requiredModulePath = path.resolve(ctx.opts.projectRoot, \"node_modules/\"+PLUGIN_ID);","    var moduleExists;","    try {","        moduleExists =  fs.statSync(requiredModulePath).isDirectory();","    }","    catch (err) {","        moduleExists = false;","    }","","    if(!moduleExists){","        logger.log(\"npm dependencies missing - installing\");","        exec('npm install '+PLUGIN_ID, function (err, stdout, stderr) {","            logger.verbose(stdout);","            if (err) {","                logger.verbose(stderr);","                deferral.reject(\"Error installing npm dependencies: \" + err);","            }else{","                logger.log(\"Installed npm dependencies\");","                deferral.resolve();","            }","        });","    }else{","        logger.verbose('npm dependencies already installed');","        deferral.resolve();","    }","","    return deferral.promise;","};"],"l":{"3":1,"4":0,"6":0,"7":0,"8":0,"9":0,"11":0,"12":0,"14":0,"15":0,"16":0,"17":0,"20":0,"23":0,"24":0,"25":0,"26":0,"27":0,"28":0,"29":0,"31":0,"32":0,"36":0,"37":0,"40":0}},"/home/travis/build/npmtest/node-npmtest-cordova-custom-config/node_modules/cordova-custom-config/hooks/restoreBackups.js":{"path":"/home/travis/build/npmtest/node-npmtest-cordova-custom-config/node_modules/cordova-custom-config/hooks/restoreBackups.js","s":{"1":1,"2":1,"3":1,"4":1,"5":1,"6":1,"7":1,"8":0,"9":0,"10":0,"11":0,"12":0,"13":0,"14":0,"15":0,"16":0,"17":0,"18":1,"19":0,"20":1,"21":0,"22":1,"23":0,"24":0,"25":0,"26":1,"27":0,"28":0,"29":0,"30":0,"31":0,"32":0,"33":0,"34":0,"35":0,"36":0,"37":0,"38":0,"39":0,"40":0,"41":0,"42":0,"43":0,"44":0,"45":0,"46":0,"47":0,"48":1,"49":1,"50":0,"51":0,"52":0,"53":0,"54":0,"55":0,"56":0,"57":0,"58":0,"59":0,"60":0},"b":{"1":[0,0],"2":[0,0],"3":[0,0],"4":[0,0],"5":[0,0],"6":[0,0]},"f":{"1":1,"2":0,"3":0,"4":0,"5":0,"6":0,"7":0,"8":0,"9":0},"fnMap":{"1":{"name":"(anonymous_1)","line":19,"loc":{"start":{"line":19,"column":22},"end":{"line":19,"column":32}}},"2":{"name":"restorePlatformBackups","line":46,"loc":{"start":{"line":46,"column":4},"end":{"line":46,"column":45}}},"3":{"name":"parseProjectName","line":63,"loc":{"start":{"line":63,"column":4},"end":{"line":63,"column":39}}},"4":{"name":"complete","line":68,"loc":{"start":{"line":68,"column":4},"end":{"line":68,"column":23}}},"5":{"name":"(anonymous_5)","line":75,"loc":{"start":{"line":75,"column":38},"end":{"line":75,"column":51}}},"6":{"name":"(anonymous_6)","line":83,"loc":{"start":{"line":83,"column":26},"end":{"line":83,"column":39}}},"7":{"name":"(anonymous_7)","line":97,"loc":{"start":{"line":97,"column":62},"end":{"line":97,"column":78}}},"8":{"name":"(anonymous_8)","line":100,"loc":{"start":{"line":100,"column":26},"end":{"line":100,"column":53}}},"9":{"name":"(anonymous_9)","line":121,"loc":{"start":{"line":121,"column":17},"end":{"line":121,"column":31}}}},"statementMap":{"1":{"start":{"line":8,"column":0},"end":{"line":8,"column":24}},"2":{"start":{"line":11,"column":0},"end":{"line":14,"column":14}},"3":{"start":{"line":17,"column":0},"end":{"line":17,"column":14}},"4":{"start":{"line":19,"column":0},"end":{"line":119,"column":5}},"5":{"start":{"line":24,"column":4},"end":{"line":24,"column":67}},"6":{"start":{"line":26,"column":4},"end":{"line":40,"column":6}},"7":{"start":{"line":46,"column":4},"end":{"line":61,"column":5}},"8":{"start":{"line":47,"column":8},"end":{"line":48,"column":89}},"9":{"start":{"line":50,"column":8},"end":{"line":50,"column":77}},"10":{"start":{"line":51,"column":8},"end":{"line":60,"column":9}},"11":{"start":{"line":52,"column":12},"end":{"line":52,"column":58}},"12":{"start":{"line":53,"column":12},"end":{"line":53,"column":115}},"13":{"start":{"line":54,"column":12},"end":{"line":54,"column":68}},"14":{"start":{"line":55,"column":12},"end":{"line":59,"column":13}},"15":{"start":{"line":56,"column":16},"end":{"line":56,"column":114}},"16":{"start":{"line":57,"column":16},"end":{"line":57,"column":67}},"17":{"start":{"line":58,"column":16},"end":{"line":58,"column":85}},"18":{"start":{"line":63,"column":4},"end":{"line":65,"column":5}},"19":{"start":{"line":64,"column":8},"end":{"line":64,"column":65}},"20":{"start":{"line":68,"column":4},"end":{"line":70,"column":5}},"21":{"start":{"line":69,"column":8},"end":{"line":69,"column":27}},"22":{"start":{"line":75,"column":4},"end":{"line":81,"column":6}},"23":{"start":{"line":76,"column":8},"end":{"line":78,"column":74}},"24":{"start":{"line":79,"column":8},"end":{"line":79,"column":53}},"25":{"start":{"line":80,"column":8},"end":{"line":80,"column":33}},"26":{"start":{"line":83,"column":4},"end":{"line":116,"column":6}},"27":{"start":{"line":84,"column":8},"end":{"line":84,"column":22}},"28":{"start":{"line":86,"column":8},"end":{"line":86,"column":49}},"29":{"start":{"line":87,"column":8},"end":{"line":87,"column":89}},"30":{"start":{"line":89,"column":8},"end":{"line":89,"column":43}},"31":{"start":{"line":90,"column":8},"end":{"line":94,"column":9}},"32":{"start":{"line":91,"column":12},"end":{"line":91,"column":73}},"33":{"start":{"line":92,"column":12},"end":{"line":92,"column":23}},"34":{"start":{"line":93,"column":12},"end":{"line":93,"column":19}},"35":{"start":{"line":97,"column":8},"end":{"line":99,"column":11}},"36":{"start":{"line":98,"column":12},"end":{"line":98,"column":78}},"37":{"start":{"line":100,"column":8},"end":{"line":115,"column":11}},"38":{"start":{"line":101,"column":12},"end":{"line":101,"column":53}},"39":{"start":{"line":102,"column":12},"end":{"line":114,"column":13}},"40":{"start":{"line":103,"column":16},"end":{"line":103,"column":49}},"41":{"start":{"line":104,"column":16},"end":{"line":107,"column":17}},"42":{"start":{"line":105,"column":20},"end":{"line":105,"column":65}},"43":{"start":{"line":106,"column":20},"end":{"line":106,"column":31}},"44":{"start":{"line":109,"column":16},"end":{"line":109,"column":93}},"45":{"start":{"line":110,"column":16},"end":{"line":110,"column":34}},"46":{"start":{"line":111,"column":16},"end":{"line":113,"column":17}},"47":{"start":{"line":112,"column":20},"end":{"line":112,"column":41}},"48":{"start":{"line":118,"column":4},"end":{"line":118,"column":26}},"49":{"start":{"line":121,"column":0},"end":{"line":137,"column":2}},"50":{"start":{"line":122,"column":4},"end":{"line":122,"column":53}},"51":{"start":{"line":123,"column":4},"end":{"line":123,"column":44}},"52":{"start":{"line":124,"column":4},"end":{"line":124,"column":25}},"53":{"start":{"line":126,"column":4},"end":{"line":126,"column":91}},"54":{"start":{"line":127,"column":4},"end":{"line":127,"column":64}},"55":{"start":{"line":128,"column":4},"end":{"line":128,"column":48}},"56":{"start":{"line":129,"column":4},"end":{"line":134,"column":5}},"57":{"start":{"line":130,"column":8},"end":{"line":130,"column":45}},"58":{"start":{"line":132,"column":8},"end":{"line":132,"column":90}},"59":{"start":{"line":133,"column":8},"end":{"line":133,"column":126}},"60":{"start":{"line":136,"column":4},"end":{"line":136,"column":28}}},"branchMap":{"1":{"line":55,"type":"if","locations":[{"start":{"line":55,"column":12},"end":{"line":55,"column":12}},{"start":{"line":55,"column":12},"end":{"line":55,"column":12}}]},"2":{"line":87,"type":"cond-expr","locations":[{"start":{"line":87,"column":61},"end":{"line":87,"column":71}},{"start":{"line":87,"column":74},"end":{"line":87,"column":88}}]},"3":{"line":90,"type":"if","locations":[{"start":{"line":90,"column":8},"end":{"line":90,"column":8}},{"start":{"line":90,"column":8},"end":{"line":90,"column":8}}]},"4":{"line":90,"type":"binary-expr","locations":[{"start":{"line":90,"column":11},"end":{"line":90,"column":55}},{"start":{"line":90,"column":59},"end":{"line":90,"column":91}}]},"5":{"line":104,"type":"if","locations":[{"start":{"line":104,"column":16},"end":{"line":104,"column":16}},{"start":{"line":104,"column":16},"end":{"line":104,"column":16}}]},"6":{"line":111,"type":"if","locations":[{"start":{"line":111,"column":16},"end":{"line":111,"column":16}},{"start":{"line":111,"column":16},"end":{"line":111,"column":16}}]}},"code":["//#!/usr/bin/env node","","/**********"," * Globals"," **********/","","// Pre-existing Cordova npm modules","var deferral, path, cwd;","","// Npm dependencies","var logger,","    fs,","    _,","    fileUtils;","","// Other globals","var hooksPath;","","var restoreBackups = (function(){","","    /**********************","     * Internal properties","     *********************/","    var restoreBackups = {}, context, projectName, logFn, settings;","","    var PLATFORM_CONFIG_FILES = {","        \"ios\":{","            \"{projectName}-Info.plist\": \"{projectName}/{projectName}-Info.plist\",","            \"project.pbxproj\": \"{projectName}.xcodeproj/project.pbxproj\",","            \"build.xcconfig\": \"cordova/build.xcconfig\",","            \"build-extras.xcconfig\": \"cordova/build-extras.xcconfig\",","            \"build-debug.xcconfig\": \"cordova/build-debug.xcconfig\",","            \"build-release.xcconfig\": \"cordova/build-release.xcconfig\",","            \"Entitlements-Release.plist\": \"{projectName}/Entitlements-Release.plist\",","            \"Entitlements-Debug.plist\": \"{projectName}/Entitlements-Debug.plist\"","        },","        \"android\":{","            \"AndroidManifest.xml\": \"AndroidManifest.xml\"","        }","    };","","    /*********************","     * Internal functions","     *********************/","","    function restorePlatformBackups(platform){","        var configFiles = PLATFORM_CONFIG_FILES[platform],","            backupFile, backupFileName, backupFilePath, backupFileExists, targetFilePath;","","        logger.verbose(\"Checking to see if there are backups to restore...\");","        for(backupFile in configFiles){","            backupFileName = parseProjectName(backupFile);","            backupFilePath = path.join(cwd, 'plugins', context.opts.plugin.id, \"backup\", platform, backupFileName);","            backupFileExists = fileUtils.fileExists(backupFilePath);","            if(backupFileExists){","                targetFilePath = path.join(cwd, 'platforms', platform, parseProjectName(configFiles[backupFile]));","                fileUtils.copySync(backupFilePath, targetFilePath);","                logFn(\"Restored backup of '\"+backupFileName+\"' to :\"+targetFilePath);","            }","        }","    }","","    function parseProjectName(fileName){","        return fileName.replace(/{(projectName)}/g, projectName);","    }","","    // Script operations are complete, so resolve deferred promises","    function complete(){","        deferral.resolve();","    }","","    /*************","     * Public API","     *************/","    restoreBackups.loadDependencies = function(ctx){","        fs = require('fs'),","        _ = require('lodash'),","        fileUtils = require(path.resolve(hooksPath, \"fileUtils.js\"))(ctx);","        logger.verbose(\"Loaded module dependencies\");","        restoreBackups.init(ctx);","    };","","    restoreBackups.init = function(ctx){","        context = ctx;","","        projectName = fileUtils.getProjectName();","        logFn = context.hook === \"before_plugin_uninstall\" ? logger.log : logger.verbose;","","        settings = fileUtils.getSettings();","        if(typeof(settings.autorestore) === \"undefined\" || settings.autorestore === \"false\"){","            logger.log(\"Skipping auto-restore of config file backup(s)\");","            complete();","            return;","        }","","        // go through each of the platform directories","        var platforms = _.filter(fs.readdirSync('platforms'), function (file) {","            return fs.statSync(path.resolve('platforms', file)).isDirectory();","        });","        _.each(platforms, function (platform, index) {","            platform = platform.trim().toLowerCase();","            try{","                restorePlatformBackups(platform);","                if(index === platforms.length - 1){","                    logger.verbose(\"Finished restoring backups\");","                    complete();","                }","            }catch(e){","                var msg = \"Error restoring backups for platform '\"+platform+\"': \"+ e.message;","                logger.error(msg);","                if(settings.stoponerror){","                    deferral.reject(msg);","                }","            }","        });","    };","","    return restoreBackups;","})();","","module.exports = function(ctx) {","    deferral = ctx.requireCordovaModule('q').defer();","    path = ctx.requireCordovaModule('path');","    cwd = path.resolve();","","    hooksPath = path.resolve(ctx.opts.projectRoot, \"plugins\", ctx.opts.plugin.id, \"hooks\");","    logger = require(path.resolve(hooksPath, \"logger.js\"))(ctx);","    logger.verbose(\"Running restoreBackups.js\");","    try{","        restoreBackups.loadDependencies(ctx);","    }catch(e){","        logger.warn(\"Error loading dependencies (\"+e.message+\") - attempting to resolve\");","        require(path.resolve(hooksPath, \"resolveDependencies.js\"))(ctx).then(restoreBackups.loadDependencies.bind(this, ctx));","    }","","    return deferral.promise;","};"],"l":{"8":1,"11":1,"17":1,"19":1,"24":1,"26":1,"46":1,"47":0,"50":0,"51":0,"52":0,"53":0,"54":0,"55":0,"56":0,"57":0,"58":0,"63":1,"64":0,"68":1,"69":0,"75":1,"76":0,"79":0,"80":0,"83":1,"84":0,"86":0,"87":0,"89":0,"90":0,"91":0,"92":0,"93":0,"97":0,"98":0,"100":0,"101":0,"102":0,"103":0,"104":0,"105":0,"106":0,"109":0,"110":0,"111":0,"112":0,"118":1,"121":1,"122":0,"123":0,"124":0,"126":0,"127":0,"128":0,"129":0,"130":0,"132":0,"133":0,"136":0}},"/home/travis/build/npmtest/node-npmtest-cordova-custom-config/node_modules/cordova-custom-config/hooks/triggerExampleProjBuild.js":{"path":"/home/travis/build/npmtest/node-npmtest-cordova-custom-config/node_modules/cordova-custom-config/hooks/triggerExampleProjBuild.js","s":{"1":2,"2":2,"3":2,"4":0,"5":0,"6":0,"7":0,"8":0,"9":0,"10":0,"11":0,"12":0,"13":0,"14":0,"15":0,"16":0},"b":{"1":[0,0]},"f":{"1":0,"2":0},"fnMap":{"1":{"name":"(anonymous_1)","line":42,"loc":{"start":{"line":42,"column":6},"end":{"line":42,"column":16}}},"2":{"name":"(anonymous_2)","line":45,"loc":{"start":{"line":45,"column":7},"end":{"line":45,"column":20}}}},"statementMap":{"1":{"start":{"line":4,"column":0},"end":{"line":4,"column":31}},"2":{"start":{"line":5,"column":0},"end":{"line":5,"column":27}},"3":{"start":{"line":6,"column":0},"end":{"line":6,"column":25}},"4":{"start":{"line":8,"column":0},"end":{"line":8,"column":56}},"5":{"start":{"line":10,"column":0},"end":{"line":10,"column":43}},"6":{"start":{"line":12,"column":0},"end":{"line":14,"column":3}},"7":{"start":{"line":16,"column":0},"end":{"line":20,"column":1}},"8":{"start":{"line":17,"column":2},"end":{"line":17,"column":49}},"9":{"start":{"line":19,"column":2},"end":{"line":19,"column":19}},"10":{"start":{"line":22,"column":0},"end":{"line":22,"column":47}},"11":{"start":{"line":24,"column":0},"end":{"line":24,"column":42}},"12":{"start":{"line":26,"column":0},"end":{"line":26,"column":33}},"13":{"start":{"line":28,"column":0},"end":{"line":48,"column":3}},"14":{"start":{"line":43,"column":2},"end":{"line":43,"column":48}},"15":{"start":{"line":46,"column":2},"end":{"line":46,"column":21}},"16":{"start":{"line":47,"column":2},"end":{"line":47,"column":19}}},"branchMap":{"1":{"line":16,"type":"if","locations":[{"start":{"line":16,"column":0},"end":{"line":16,"column":0}},{"start":{"line":16,"column":0},"end":{"line":16,"column":0}}]}},"code":["//#!/usr/bin/env node","\"use strict\";","","var shell = require('shelljs');","var path = require('path');","var got = require('got');","","var targetRepo = 'dpa99c/cordova-custom-config-example';","","console.log(\"Fetching Git commit hash...\");","","var gitCommitRet = shell.exec('git rev-parse HEAD', {","  cwd: path.join(__dirname, '..')","});","","if (0 !== gitCommitRet.code) {","  console.error('Error getting git commit hash');","","  process.exit(-1);","}","","var gitCommitHash = gitCommitRet.stdout.trim();","","console.log(\"Git commit: \"+gitCommitHash);","","console.log('Calling Travis...');","","got.post(\"https://api.travis-ci.org/repo/\"+encodeURIComponent(targetRepo)+\"/requests\", {","  headers: {","    \"Content-Type\": \"application/json\",","    \"Accept\": \"application/json\",","    \"Travis-API-Version\": \"3\",","    \"Authorization\": \"token \"+process.env.TRAVIS_API_TOKEN","  },","  body: JSON.stringify({","    request: {","      message: \"Trigger build at \"+targetRepo+\" commit: \"+gitCommitHash,","      branch: 'master'","    }","  })","})",".then(function(){","  console.log(\"Triggered build of \"+targetRepo);","})",".catch(function(err){","  console.error(err);","  process.exit(-1);","});","",""],"l":{"4":2,"5":2,"6":2,"8":0,"10":0,"12":0,"16":0,"17":0,"19":0,"22":0,"24":0,"26":0,"28":0,"43":0,"46":0,"47":0}}}